#
# There is insufficient memory for the Java Runtime Environment to continue.
# Native memory allocation (mmap) failed to map 27262976 bytes for committing reserved memory.
# Possible reasons:
#   The system is out of physical RAM or swap space
#   The process is running with CompressedOops enabled, and the Java Heap may be blocking the growth of the native heap
# Possible solutions:
#   Reduce memory load on the system
#   Increase physical memory or swap space
#   Check if swap backing store is full
#   Decrease Java heap size (-Xmx/-Xms)
#   Decrease number of Java threads
#   Decrease Java thread stack sizes (-Xss)
#   Set larger code cache with -XX:ReservedCodeCacheSize=
#   JVM is running with Unscaled Compressed Oops mode in which the Java heap is
#     placed in the first 4GB address space. The Java Heap base address is the
#     maximum limit for the native heap growth. Please use -XX:HeapBaseMinAddress
#     to set the Java Heap base and to place the Java Heap above 4GB virtual address.
# This output file may be truncated or incomplete.
#
#  Out of Memory Error (os_linux.cpp:2839), pid=3921, tid=3992
#
# JRE version: OpenJDK Runtime Environment (11.0.5+10) (build 11.0.5+10-post-Ubuntu-0ubuntu1.118.04)
# Java VM: OpenJDK 64-Bit Server VM (11.0.5+10-post-Ubuntu-0ubuntu1.118.04, mixed mode, sharing, tiered, compressed oops, g1 gc, linux-amd64)
# Core dump will be written. Default location: Core dumps may be processed with "/usr/share/apport/apport %p %s %c %d %P" (or dumping to /home/ubuntu/retriever-crawler/core.3921)
#

---------------  S U M M A R Y ------------

Command Line: -Ddaemon.name= -Dstorm.options= -Dstorm.home=/home/ubuntu/apache-storm-1.2.3 -Dstorm.log.dir=/home/ubuntu/apache-storm-1.2.3/logs -Djava.library.path=/usr/local/lib:/opt/local/lib:/usr/lib -Dstorm.conf.file= -Dstorm.jar=target/retriever-crawler-1.0-SNAPSHOT.jar -Dstorm.dependency.jars= -Dstorm.dependency.artifacts={} com.leemyeongcheol.ESCrawlTopology -conf crawler-conf.yaml -conf es-conf.yaml -local . seeds.txt

Host: Intel Xeon Processor (Skylake, IBRS), 2 cores, 1G, Ubuntu 18.04.3 LTS
Time: Mon Jan 27 08:55:23 2020 UTC elapsed time: 89 seconds (0d 0h 1m 29s)

---------------  T H R E A D  ---------------

Current thread (0x00007f152808e800):  VMThread "VM Thread" [stack: 0x00007f14fbf00000,0x00007f14fc000000] [id=3992]

Stack: [0x00007f14fbf00000,0x00007f14fc000000],  sp=0x00007f14fbffdff0,  free space=1015k
Native frames: (J=compiled Java code, A=aot compiled Java code, j=interpreted, Vv=VM code, C=native code)
V  [libjvm.so+0xdec067]
V  [libjvm.so+0xdeccbb]
V  [libjvm.so+0x64fc15]
V  [libjvm.so+0xbc77d8]
V  [libjvm.so+0xbbf0fd]
V  [libjvm.so+0x76d91f]
V  [libjvm.so+0x76db8e]
V  [libjvm.so+0x779c00]
V  [libjvm.so+0x7f4f49]
V  [libjvm.so+0x7f5ba2]
V  [libjvm.so+0x7f6009]
V  [libjvm.so+0x72c0df]
V  [libjvm.so+0x730dda]
V  [libjvm.so+0xdf7d01]
V  [libjvm.so+0xdf68c8]
V  [libjvm.so+0xdf4106]
V  [libjvm.so+0xdf4610]
V  [libjvm.so+0xdf4a43]
V  [libjvm.so+0xd7ba0a]
V  [libjvm.so+0xbcd3ce]

VM_Operation (0x00007f14cb4b92d0): G1CollectForAllocation, mode: safepoint, requested by thread 0x000055c2eae1b000


---------------  P R O C E S S  ---------------

Threads class SMR info:
_java_thread_list=0x000055c2eae1ab90, length=89, elements={
0x00007f1528091000, 0x00007f1528093000, 0x00007f152809b800, 0x00007f152809d800,
0x00007f152809f800, 0x00007f15280a1800, 0x00007f15280d9000, 0x00007f15280de000,
0x00007f1528538800, 0x00007f1529467800, 0x00007f152946e800, 0x00007f1529475000,
0x00007f1529498000, 0x00007f15294b4000, 0x00007f15294c0800, 0x00007f15294c2800,
0x00007f15294ce800, 0x00007f15294d0000, 0x00007f15294d5800, 0x00007f15294db000,
0x00007f15294dc000, 0x00007f15294de000, 0x00007f15294e5000, 0x00007f15294e7800,
0x00007f15294e9800, 0x00007f15294ec000, 0x00007f15294ee800, 0x00007f15294f2800,
0x00007f15294f9800, 0x00007f15294fb000, 0x00007f1529511800, 0x00007f1529519800,
0x00007f152951e800, 0x00007f1529520000, 0x00007f1529522000, 0x00007f152952c000,
0x00007f1529554000, 0x00007f152954f000, 0x00007f152954f800, 0x00007f152954b800,
0x00007f1529559800, 0x00007f1529565000, 0x00007f1529559000, 0x00007f1529567000,
0x00007f1529574000, 0x00007f152957d800, 0x00007f1529572800, 0x00007f152955b000,
0x00007f1529562000, 0x00007f1529582800, 0x00007f1529583000, 0x00007f1529585000,
0x00007f1529590000, 0x00007f1529593000, 0x00007f1529594800, 0x00007f1529596800,
0x00007f1529598800, 0x00007f15295a1000, 0x00007f15295a6000, 0x00007f15295a8000,
0x00007f152959f800, 0x00007f15295a9800, 0x00007f15295ab000, 0x00007f1529571000,
0x00007f1529579800, 0x00007f152957b800, 0x00007f15295ae000, 0x00007f15295b0000,
0x00007f1528015000, 0x00007f15287eb800, 0x00007f1528e37800, 0x00007f15288ff800,
0x00007f1528900000, 0x00007f1528901000, 0x00007f15287e4800, 0x00007f15288d9000,
0x000055c2eae19000, 0x00007f15288db800, 0x00007f152909a000, 0x00007f152909b000,
0x00007f152909d800, 0x00007f152909f000, 0x00007f1528bc3000, 0x00007f1528bc4000,
0x00007f1528bc6000, 0x00007f1528bc7800, 0x00007f1528bca000, 0x000055c2eae1b000,
0x000055c2eae1d800
}

Java Threads: ( => current thread )
  0x00007f1528091000 JavaThread "Reference Handler" daemon [_thread_blocked, id=3993, stack(0x00007f14fbdfd000,0x00007f14fbefe000)]
  0x00007f1528093000 JavaThread "Finalizer" daemon [_thread_blocked, id=3994, stack(0x00007f14fbcfc000,0x00007f14fbdfd000)]
  0x00007f152809b800 JavaThread "Signal Dispatcher" daemon [_thread_blocked, id=3995, stack(0x00007f14fb8ed000,0x00007f14fb9ee000)]
  0x00007f152809d800 JavaThread "C2 CompilerThread0" daemon [_thread_blocked, id=3996, stack(0x00007f14fb7ec000,0x00007f14fb8ed000)]
  0x00007f152809f800 JavaThread "C1 CompilerThread0" daemon [_thread_blocked, id=3997, stack(0x00007f14fb6eb000,0x00007f14fb7ec000)]
  0x00007f15280a1800 JavaThread "Sweeper thread" daemon [_thread_blocked, id=3998, stack(0x00007f14fb5ea000,0x00007f14fb6eb000)]
  0x00007f15280d9000 JavaThread "Service Thread" daemon [_thread_blocked, id=3999, stack(0x00007f14fb4e9000,0x00007f14fb5ea000)]
  0x00007f15280de000 JavaThread "Common-Cleaner" daemon [_thread_blocked, id=4001, stack(0x00007f14fb2e6000,0x00007f14fb3e7000)]
  0x00007f1528538800 JavaThread "Log4j2-TF-1-Scheduled-1" daemon [_thread_blocked, id=4003, stack(0x00007f14fa48e000,0x00007f14fa58f000)]
  0x00007f1529467800 JavaThread "NIOServerCxn.Factory:0.0.0.0/0.0.0.0:2000" daemon [_thread_blocked, id=4004, stack(0x00007f14f878a000,0x00007f14f888b000)]
  0x00007f152946e800 JavaThread "SessionTracker" [_thread_blocked, id=4005, stack(0x00007f14f8689000,0x00007f14f878a000)]
  0x00007f1529475000 JavaThread "SyncThread:0" [_thread_blocked, id=4006, stack(0x00007f14f8588000,0x00007f14f8689000)]
  0x00007f1529498000 JavaThread "ProcessThread(sid:0 cport:2000):" [_thread_blocked, id=4007, stack(0x00007f14f8487000,0x00007f14f8588000)]
  0x00007f15294b4000 JavaThread "Curator-ConnectionStateManager-0" daemon [_thread_blocked, id=4008, stack(0x00007f14f8386000,0x00007f14f8487000)]
  0x00007f15294c0800 JavaThread "main-SendThread(localhost:2000)" daemon [_thread_in_native, id=4009, stack(0x00007f14f8285000,0x00007f14f8386000)]
  0x00007f15294c2800 JavaThread "main-EventThread" daemon [_thread_blocked, id=4010, stack(0x00007f14f8184000,0x00007f14f8285000)]
  0x00007f15294ce800 JavaThread "Curator-Framework-0" daemon [_thread_blocked, id=4011, stack(0x00007f14f8083000,0x00007f14f8184000)]
  0x00007f15294d0000 JavaThread "FileBlobStore cleanup thread" daemon [_thread_blocked, id=4012, stack(0x00007f14cfeff000,0x00007f14d0000000)]
  0x00007f15294d5800 JavaThread "Curator-ConnectionStateManager-0" daemon [_thread_blocked, id=4013, stack(0x00007f14cfdfe000,0x00007f14cfeff000)]
  0x00007f15294db000 JavaThread "main-SendThread(localhost:2000)" daemon [_thread_blocked, id=4014, stack(0x00007f14cfcfd000,0x00007f14cfdfe000)]
  0x00007f15294dc000 JavaThread "main-EventThread" daemon [_thread_blocked, id=4015, stack(0x00007f14cfbfc000,0x00007f14cfcfd000)]
  0x00007f15294de000 JavaThread "Curator-Framework-0" daemon [_thread_blocked, id=4016, stack(0x00007f14cfafb000,0x00007f14cfbfc000)]
  0x00007f15294e5000 JavaThread "Thread-1" daemon [_thread_blocked, id=4017, stack(0x00007f14cf9fa000,0x00007f14cfafb000)]
  0x00007f15294e7800 JavaThread "timer" daemon [_thread_blocked, id=4018, stack(0x00007f14cf6f9000,0x00007f14cf7fa000)]
  0x00007f15294e9800 JavaThread "Thread-2" daemon [_thread_blocked, id=4019, stack(0x00007f14cf5f8000,0x00007f14cf6f9000)]
  0x00007f15294ec000 JavaThread "Thread-3" daemon [_thread_blocked, id=4020, stack(0x00007f14cf4f7000,0x00007f14cf5f8000)]
  0x00007f15294ee800 JavaThread "Thread-4" daemon [_thread_blocked, id=4021, stack(0x00007f14cf3f6000,0x00007f14cf4f7000)]
  0x00007f15294f2800 JavaThread "Curator-ConnectionStateManager-0" daemon [_thread_blocked, id=4026, stack(0x00007f14cf0f3000,0x00007f14cf1f4000)]
  0x00007f15294f9800 JavaThread "main-SendThread(localhost:2000)" daemon [_thread_in_native, id=4027, stack(0x00007f14cf2f5000,0x00007f14cf3f6000)]
  0x00007f15294fb000 JavaThread "main-EventThread" daemon [_thread_blocked, id=4028, stack(0x00007f14ceff2000,0x00007f14cf0f3000)]
  0x00007f1529511800 JavaThread "Curator-Framework-0" daemon [_thread_blocked, id=4029, stack(0x00007f14ceef1000,0x00007f14ceff2000)]
  0x00007f1529519800 JavaThread "Curator-ConnectionStateManager-0" daemon [_thread_blocked, id=4030, stack(0x00007f14cedf0000,0x00007f14ceef1000)]
  0x00007f152951e800 JavaThread "main-SendThread(localhost:2000)" daemon [_thread_blocked, id=4031, stack(0x00007f14cecef000,0x00007f14cedf0000)]
  0x00007f1529520000 JavaThread "main-EventThread" daemon [_thread_blocked, id=4032, stack(0x00007f14cebee000,0x00007f14cecef000)]
  0x00007f1529522000 JavaThread "Curator-Framework-0" daemon [_thread_blocked, id=4033, stack(0x00007f14ceaed000,0x00007f14cebee000)]
  0x00007f152952c000 JavaThread "Thread-5" daemon [_thread_blocked, id=4034, stack(0x00007f14ce9ec000,0x00007f14ceaed000)]
  0x00007f1529554000 JavaThread "Curator-ConnectionStateManager-0" daemon [_thread_blocked, id=4040, stack(0x00007f14ce6e9000,0x00007f14ce7ea000)]
  0x00007f152954f000 JavaThread "main-SendThread(localhost:2000)" daemon [_thread_in_native, id=4041, stack(0x00007f14cf1f4000,0x00007f14cf2f5000)]
  0x00007f152954f800 JavaThread "main-EventThread" daemon [_thread_blocked, id=4042, stack(0x00007f14ce5e8000,0x00007f14ce6e9000)]
  0x00007f152954b800 JavaThread "Curator-Framework-0" daemon [_thread_blocked, id=4043, stack(0x00007f14ce4e7000,0x00007f14ce5e8000)]
  0x00007f1529559800 JavaThread "Curator-ConnectionStateManager-0" daemon [_thread_blocked, id=4048, stack(0x00007f14ce1e4000,0x00007f14ce2e5000)]
  0x00007f1529565000 JavaThread "main-SendThread(localhost:2000)" daemon [_thread_in_native, id=4049, stack(0x00007f14ce3e6000,0x00007f14ce4e7000)]
  0x00007f1529559000 JavaThread "main-EventThread" daemon [_thread_blocked, id=4050, stack(0x00007f14ce0e3000,0x00007f14ce1e4000)]
  0x00007f1529567000 JavaThread "Curator-Framework-0" daemon [_thread_blocked, id=4051, stack(0x00007f14ce7ea000,0x00007f14ce8eb000)]
  0x00007f1529574000 JavaThread "Curator-ConnectionStateManager-0" daemon [_thread_blocked, id=4056, stack(0x00007f14cdde0000,0x00007f14cdee1000)]
  0x00007f152957d800 JavaThread "main-SendThread(localhost:2000)" daemon [_thread_in_native, id=4057, stack(0x00007f14cdcdf000,0x00007f14cdde0000)]
  0x00007f1529572800 JavaThread "main-EventThread" daemon [_thread_blocked, id=4058, stack(0x00007f14cdfe2000,0x00007f14ce0e3000)]
  0x00007f152955b000 JavaThread "Curator-Framework-0" daemon [_thread_blocked, id=4059, stack(0x00007f14cdbde000,0x00007f14cdcdf000)]
  0x00007f1529562000 JavaThread "timer" daemon [_thread_blocked, id=4060, stack(0x00007f14ce2e5000,0x00007f14ce3e6000)]
  0x00007f1529582800 JavaThread "timer" daemon [_thread_blocked, id=4061, stack(0x00007f14ce8eb000,0x00007f14ce9ec000)]
  0x00007f1529583000 JavaThread "blob-update-timer" daemon [_thread_blocked, id=4062, stack(0x00007f14cdadd000,0x00007f14cdbde000)]
  0x00007f1529585000 JavaThread "Thread-9" [_thread_blocked, id=4063, stack(0x00007f14cd9dc000,0x00007f14cdadd000)]
  0x00007f1529590000 JavaThread "SLOT_1024" [_thread_blocked, id=4064, stack(0x00007f14cd8db000,0x00007f14cd9dc000)]
  0x00007f1529593000 JavaThread "SLOT_1025" [_thread_blocked, id=4065, stack(0x00007f14cd7da000,0x00007f14cd8db000)]
  0x00007f1529594800 JavaThread "SLOT_1026" [_thread_blocked, id=4066, stack(0x00007f14cd6d9000,0x00007f14cd7da000)]
  0x00007f1529596800 JavaThread "Localizer Cache Cleanup" [_thread_blocked, id=4067, stack(0x00007f14cd5d8000,0x00007f14cd6d9000)]
  0x00007f1529598800 JavaThread "Curator-ConnectionStateManager-0" daemon [_thread_blocked, id=4072, stack(0x00007f14cd1d4000,0x00007f14cd2d5000)]
  0x00007f15295a1000 JavaThread "main-SendThread(localhost:2000)" daemon [_thread_in_native, id=4073, stack(0x00007f14cd4d7000,0x00007f14cd5d8000)]
  0x00007f15295a6000 JavaThread "main-EventThread" daemon [_thread_blocked, id=4074, stack(0x00007f14cd0d3000,0x00007f14cd1d4000)]
  0x00007f15295a8000 JavaThread "Curator-Framework-0" daemon [_thread_blocked, id=4075, stack(0x00007f14ccfd2000,0x00007f14cd0d3000)]
  0x00007f152959f800 JavaThread "timer" daemon [_thread_blocked, id=4076, stack(0x00007f14cd2d5000,0x00007f14cd3d6000)]
  0x00007f15295a9800 JavaThread "timer" daemon [_thread_blocked, id=4077, stack(0x00007f14cced1000,0x00007f14ccfd2000)]
  0x00007f15295ab000 JavaThread "blob-update-timer" daemon [_thread_blocked, id=4078, stack(0x00007f14ccdd0000,0x00007f14cced1000)]
  0x00007f1529571000 JavaThread "Thread-13" [_thread_blocked, id=4079, stack(0x00007f14cdee1000,0x00007f14cdfe2000)]
  0x00007f1529579800 JavaThread "SLOT_1027" [_thread_blocked, id=4080, stack(0x00007f14ccccf000,0x00007f14ccdd0000)]
  0x00007f152957b800 JavaThread "SLOT_1028" [_thread_blocked, id=4081, stack(0x00007f14ccbce000,0x00007f14ccccf000)]
  0x00007f15295ae000 JavaThread "SLOT_1029" [_thread_blocked, id=4082, stack(0x00007f14ccacd000,0x00007f14ccbce000)]
  0x00007f15295b0000 JavaThread "Localizer Cache Cleanup" [_thread_blocked, id=4083, stack(0x00007f14cc9cc000,0x00007f14ccacd000)]
  0x00007f1528015000 JavaThread "DestroyJavaVM" [_thread_blocked, id=3986, stack(0x00007f152fb4c000,0x00007f152fc4d000)]
  0x00007f15287eb800 JavaThread "Async Localizer" [_thread_blocked, id=4085, stack(0x00007f14cd3d6000,0x00007f14cd4d7000)]
  0x00007f1528e37800 JavaThread "Curator-ConnectionStateManager-0" daemon [_thread_blocked, id=4095, stack(0x00007f14cc3c8000,0x00007f14cc4c9000)]
  0x00007f15288ff800 JavaThread "SLOT_1024-SendThread(localhost:2000)" daemon [_thread_blocked, id=4096, stack(0x00007f14cc4c9000,0x00007f14cc5ca000)]
  0x00007f1528900000 JavaThread "SLOT_1024-EventThread" daemon [_thread_blocked, id=4097, stack(0x00007f14cc6cb000,0x00007f14cc7cc000)]
  0x00007f1528901000 JavaThread "Curator-Framework-0" daemon [_thread_blocked, id=4098, stack(0x00007f14cc5ca000,0x00007f14cc6cb000)]
  0x00007f15287e4800 JavaThread "disruptor-flush-trigger" daemon [_thread_blocked, id=4099, stack(0x00007f14cc0c7000,0x00007f14cc1c8000)]
  0x00007f15288d9000 JavaThread "metric/stat timer" daemon [_thread_blocked, id=4100, stack(0x00007f14cbfc6000,0x00007f14cc0c7000)]
  0x000055c2eae19000 JavaThread "disruptor-flush-task-pool" daemon [_thread_blocked, id=4101, stack(0x00007f14cbec5000,0x00007f14cbfc6000)]
  0x00007f15288db800 JavaThread "disruptor-metrics-reporter" daemon [_thread_blocked, id=4102, stack(0x00007f14cbdc4000,0x00007f14cbec5000)]
  0x00007f152909a000 JavaThread "heartbeat-timer" daemon [_thread_blocked, id=4103, stack(0x00007f14cbcc3000,0x00007f14cbdc4000)]
  0x00007f152909b000 JavaThread "refresh-load-timer" daemon [_thread_blocked, id=4104, stack(0x00007f14cbbc2000,0x00007f14cbcc3000)]
  0x00007f152909d800 JavaThread "refresh-connections-timer" daemon [_thread_blocked, id=4105, stack(0x00007f14cbac1000,0x00007f14cbbc2000)]
  0x00007f152909f000 JavaThread "refresh-credentials-timer" daemon [_thread_blocked, id=4106, stack(0x00007f14cb9c0000,0x00007f14cbac1000)]
  0x00007f1528bc3000 JavaThread "reset-log-levels-timer" daemon [_thread_blocked, id=4107, stack(0x00007f14cb8bf000,0x00007f14cb9c0000)]
  0x00007f1528bc4000 JavaThread "refresh-active-timer" daemon [_thread_blocked, id=4108, stack(0x00007f14cb7be000,0x00007f14cb8bf000)]
  0x00007f1528bc6000 JavaThread "executor-heartbeat-timer" daemon [_thread_blocked, id=4109, stack(0x00007f14cb6bd000,0x00007f14cb7be000)]
  0x00007f1528bc7800 JavaThread "refresh-backpressure-timer" daemon [_thread_blocked, id=4110, stack(0x00007f14cb5bc000,0x00007f14cb6bd000)]
  0x00007f1528bca000 JavaThread "user-timer" daemon [_thread_blocked, id=4111, stack(0x00007f14cb4bb000,0x00007f14cb5bc000)]
  0x000055c2eae1b000 JavaThread "disruptor-flush-task-pool" daemon [_thread_blocked, id=4116, stack(0x00007f14cb3ba000,0x00007f14cb4bb000)]
  0x000055c2eae1d800 JavaThread "disruptor-flush-task-pool" daemon [_thread_blocked, id=4142, stack(0x00007f14cb2b9000,0x00007f14cb3ba000)]

Other Threads:
=>0x00007f152808e800 VMThread "VM Thread" [stack: 0x00007f14fbf00000,0x00007f14fc000000] [id=3992]
  0x00007f15280db800 WatcherThread [stack: 0x00007f14fb3e9000,0x00007f14fb4e9000] [id=4000]
  0x00007f152802d800 GCTaskThread "GC Thread#0" [stack: 0x00007f1510462000,0x00007f1510562000] [id=3987]
  0x00007f14f0001000 GCTaskThread "GC Thread#1" [stack: 0x00007f14fa9b3000,0x00007f14faab3000] [id=4002]
  0x00007f152803d800 ConcurrentGCThread "G1 Main Marker" [stack: 0x00007f150ae66000,0x00007f150af66000] [id=3988]
  0x00007f152803f800 ConcurrentGCThread "G1 Conc#0" [stack: 0x00007f150ad64000,0x00007f150ae64000] [id=3989]
  0x00007f1528062800 ConcurrentGCThread "G1 Refine#0" [stack: 0x00007f1508a60000,0x00007f1508b60000] [id=3990]
  0x00007f1528064000 ConcurrentGCThread "G1 Young RemSet Sampling" [stack: 0x00007f150895e000,0x00007f1508a5e000] [id=3991]

Threads with active compile tasks:
C2 CompilerThread0  91025 4806       4       java.util.concurrent.locks.AbstractQueuedSynchronizer::enq (37 bytes)
C1 CompilerThread0  91143 4813       2       java.util.ArrayList$Itr::<init> (26 bytes)

VM state:at safepoint (normal execution)

VM Mutex/Monitor currently owned by a thread:  ([mutex/lock_event])
[0x00007f1528011320] Threads_lock - owner thread: 0x00007f152808e800
[0x00007f1528011a70] Heap_lock - owner thread: 0x000055c2eae1b000

Heap address: 0x00000000e0c00000, size: 500 MB, Compressed Oops mode: 32-bit
Narrow klass base: 0x0000000800000000, Narrow klass shift: 3
Compressed class space size: 1073741824 Address: 0x0000000840000000

Heap:
 garbage-first heap   total 129024K, used 29711K [0x00000000e0c00000, 0x0000000100000000)
  region size 1024K, 4 young (4096K), 4 survivors (4096K)
 Metaspace       used 48401K, capacity 49230K, committed 49664K, reserved 1089536K
  class space    used 8352K, capacity 8645K, committed 8704K, reserved 1048576K
Heap Regions: E=young(eden), S=young(survivor), O=old, HS=humongous(starts), HC=humongous(continues), CS=collection set, F=free, A=archive, TAMS=top-at-mark-start (previous, next)
|   0|0x00000000e0c00000, 0x00000000e0d00000, 0x00000000e0d00000|100%|HS|  |TAMS 0x00000000e0d00000, 0x00000000e0c00000| Complete 
|   1|0x00000000e0d00000, 0x00000000e0e00000, 0x00000000e0e00000|100%|HC|  |TAMS 0x00000000e0e00000, 0x00000000e0d00000| Complete 
|   2|0x00000000e0e00000, 0x00000000e0f00000, 0x00000000e0f00000|100%|HS|  |TAMS 0x00000000e0f00000, 0x00000000e0e00000| Complete 
|   3|0x00000000e0f00000, 0x00000000e1000000, 0x00000000e1000000|100%|HC|  |TAMS 0x00000000e1000000, 0x00000000e0f00000| Complete 
|   4|0x00000000e1000000, 0x00000000e1100000, 0x00000000e1100000|100%|HC|  |TAMS 0x00000000e1100000, 0x00000000e1000000| Complete 
|   5|0x00000000e1100000, 0x00000000e1200000, 0x00000000e1200000|100%| O|  |TAMS 0x00000000e1200000, 0x00000000e1100000| Untracked 
|   6|0x00000000e1200000, 0x00000000e1300000, 0x00000000e1300000|100%| O|  |TAMS 0x00000000e1300000, 0x00000000e1200000| Untracked 
|   7|0x00000000e1300000, 0x00000000e1400000, 0x00000000e1400000|100%| O|  |TAMS 0x00000000e1400000, 0x00000000e1300000| Untracked 
|   8|0x00000000e1400000, 0x00000000e1500000, 0x00000000e1500000|100%| O|  |TAMS 0x00000000e1500000, 0x00000000e1400000| Untracked 
|   9|0x00000000e1500000, 0x00000000e1600000, 0x00000000e1600000|100%| O|  |TAMS 0x00000000e1600000, 0x00000000e1500000| Untracked 
|  10|0x00000000e1600000, 0x00000000e1700000, 0x00000000e1700000|100%| O|  |TAMS 0x00000000e1700000, 0x00000000e1600000| Untracked 
|  11|0x00000000e1700000, 0x00000000e1800000, 0x00000000e1800000|100%| O|  |TAMS 0x00000000e1800000, 0x00000000e1700000| Untracked 
|  12|0x00000000e1800000, 0x00000000e1900000, 0x00000000e1900000|100%| O|  |TAMS 0x00000000e1900000, 0x00000000e1800000| Untracked 
|  13|0x00000000e1900000, 0x00000000e1a00000, 0x00000000e1a00000|100%| O|  |TAMS 0x00000000e1a00000, 0x00000000e1900000| Untracked 
|  14|0x00000000e1a00000, 0x00000000e1b00000, 0x00000000e1b00000|100%| O|  |TAMS 0x00000000e1b00000, 0x00000000e1a00000| Untracked 
|  15|0x00000000e1b00000, 0x00000000e1c00000, 0x00000000e1c00000|100%| O|  |TAMS 0x00000000e1c00000, 0x00000000e1b00000| Untracked 
|  16|0x00000000e1c00000, 0x00000000e1d00000, 0x00000000e1d00000|100%| O|  |TAMS 0x00000000e1d00000, 0x00000000e1c00000| Untracked 
|  17|0x00000000e1d00000, 0x00000000e1e00000, 0x00000000e1e00000|100%| O|  |TAMS 0x00000000e1e00000, 0x00000000e1d00000| Untracked 
|  18|0x00000000e1e00000, 0x00000000e1f00000, 0x00000000e1f00000|100%| O|  |TAMS 0x00000000e1e00000, 0x00000000e1e00000| Untracked 
|  19|0x00000000e1f00000, 0x00000000e2000000, 0x00000000e2000000|100%| O|  |TAMS 0x00000000e1f00000, 0x00000000e1f00000| Untracked 
|  20|0x00000000e2000000, 0x00000000e2100000, 0x00000000e2100000|100%| O|  |TAMS 0x00000000e2000000, 0x00000000e2000000| Untracked 
|  21|0x00000000e2100000, 0x00000000e2200000, 0x00000000e2200000|100%| O|  |TAMS 0x00000000e2100000, 0x00000000e2100000| Untracked 
|  22|0x00000000e2200000, 0x00000000e2300000, 0x00000000e2300000|100%| O|  |TAMS 0x00000000e2200000, 0x00000000e2200000| Untracked 
|  23|0x00000000e2300000, 0x00000000e2400000, 0x00000000e2400000|100%| O|  |TAMS 0x00000000e2300000, 0x00000000e2300000| Untracked 
|  24|0x00000000e2400000, 0x00000000e2456a00, 0x00000000e2500000| 33%| O|  |TAMS 0x00000000e2400000, 0x00000000e2400000| Untracked 
|  25|0x00000000e2500000, 0x00000000e2500000, 0x00000000e2600000|  0%| F|  |TAMS 0x00000000e2500000, 0x00000000e2500000| Untracked 
|  26|0x00000000e2600000, 0x00000000e2600000, 0x00000000e2700000|  0%| F|  |TAMS 0x00000000e2600000, 0x00000000e2600000| Untracked 
|  27|0x00000000e2700000, 0x00000000e2700000, 0x00000000e2800000|  0%| F|  |TAMS 0x00000000e2700000, 0x00000000e2700000| Untracked 
|  28|0x00000000e2800000, 0x00000000e2800000, 0x00000000e2900000|  0%| F|  |TAMS 0x00000000e2800000, 0x00000000e2800000| Untracked 
|  29|0x00000000e2900000, 0x00000000e2900000, 0x00000000e2a00000|  0%| F|  |TAMS 0x00000000e2900000, 0x00000000e2900000| Untracked 
|  30|0x00000000e2a00000, 0x00000000e2a00000, 0x00000000e2b00000|  0%| F|  |TAMS 0x00000000e2a00000, 0x00000000e2a00000| Untracked 
|  31|0x00000000e2b00000, 0x00000000e2b00000, 0x00000000e2c00000|  0%| F|  |TAMS 0x00000000e2b00000, 0x00000000e2b00000| Untracked 
|  32|0x00000000e2c00000, 0x00000000e2c00000, 0x00000000e2d00000|  0%| F|  |TAMS 0x00000000e2c00000, 0x00000000e2c00000| Untracked 
|  33|0x00000000e2d00000, 0x00000000e2d00000, 0x00000000e2e00000|  0%| F|  |TAMS 0x00000000e2d00000, 0x00000000e2d00000| Untracked 
|  34|0x00000000e2e00000, 0x00000000e2e00000, 0x00000000e2f00000|  0%| F|  |TAMS 0x00000000e2e00000, 0x00000000e2e00000| Untracked 
|  35|0x00000000e2f00000, 0x00000000e2f00000, 0x00000000e3000000|  0%| F|  |TAMS 0x00000000e2f00000, 0x00000000e2f00000| Untracked 
|  36|0x00000000e3000000, 0x00000000e3000000, 0x00000000e3100000|  0%| F|  |TAMS 0x00000000e3000000, 0x00000000e3000000| Untracked 
|  37|0x00000000e3100000, 0x00000000e3100000, 0x00000000e3200000|  0%| F|  |TAMS 0x00000000e3100000, 0x00000000e3100000| Untracked 
|  38|0x00000000e3200000, 0x00000000e32ff218, 0x00000000e3300000| 99%| S|CS|TAMS 0x00000000e3200000, 0x00000000e3200000| Complete 
|  39|0x00000000e3300000, 0x00000000e3300000, 0x00000000e3400000|  0%| F|  |TAMS 0x00000000e3300000, 0x00000000e3300000| Untracked 
|  40|0x00000000e3400000, 0x00000000e3400000, 0x00000000e3500000|  0%| F|  |TAMS 0x00000000e3400000, 0x00000000e3400000| Untracked 
|  41|0x00000000e3500000, 0x00000000e3500000, 0x00000000e3600000|  0%| F|  |TAMS 0x00000000e3500000, 0x00000000e3500000| Untracked 
|  42|0x00000000e3600000, 0x00000000e3600000, 0x00000000e3700000|  0%| F|  |TAMS 0x00000000e3600000, 0x00000000e3600000| Untracked 
|  43|0x00000000e3700000, 0x00000000e3800000, 0x00000000e3800000|100%| S|CS|TAMS 0x00000000e3700000, 0x00000000e3700000| Complete 
|  44|0x00000000e3800000, 0x00000000e3900000, 0x00000000e3900000|100%| S|CS|TAMS 0x00000000e3800000, 0x00000000e3800000| Complete 
|  45|0x00000000e3900000, 0x00000000e3a00000, 0x00000000e3a00000|100%| S|CS|TAMS 0x00000000e3900000, 0x00000000e3900000| Complete 
|  46|0x00000000e3a00000, 0x00000000e3a00000, 0x00000000e3b00000|  0%| F|  |TAMS 0x00000000e3a00000, 0x00000000e3a00000| Untracked 
|  47|0x00000000e3b00000, 0x00000000e3b00000, 0x00000000e3c00000|  0%| F|  |TAMS 0x00000000e3b00000, 0x00000000e3b00000| Untracked 
|  48|0x00000000e3c00000, 0x00000000e3c00000, 0x00000000e3d00000|  0%| F|  |TAMS 0x00000000e3c00000, 0x00000000e3c00000| Untracked 
|  49|0x00000000e3d00000, 0x00000000e3d00000, 0x00000000e3e00000|  0%| F|  |TAMS 0x00000000e3d00000, 0x00000000e3d00000| Untracked 
|  50|0x00000000e3e00000, 0x00000000e3e00000, 0x00000000e3f00000|  0%| F|  |TAMS 0x00000000e3e00000, 0x00000000e3e00000| Untracked 
|  51|0x00000000e3f00000, 0x00000000e3f00000, 0x00000000e4000000|  0%| F|  |TAMS 0x00000000e3f00000, 0x00000000e3f00000| Untracked 
|  52|0x00000000e4000000, 0x00000000e4000000, 0x00000000e4100000|  0%| F|  |TAMS 0x00000000e4000000, 0x00000000e4000000| Untracked 
|  53|0x00000000e4100000, 0x00000000e4100000, 0x00000000e4200000|  0%| F|  |TAMS 0x00000000e4100000, 0x00000000e4100000| Untracked 
|  54|0x00000000e4200000, 0x00000000e4200000, 0x00000000e4300000|  0%| F|  |TAMS 0x00000000e4200000, 0x00000000e4200000| Untracked 
|  55|0x00000000e4300000, 0x00000000e4300000, 0x00000000e4400000|  0%| F|  |TAMS 0x00000000e4300000, 0x00000000e4300000| Untracked 
|  56|0x00000000e4400000, 0x00000000e4400000, 0x00000000e4500000|  0%| F|  |TAMS 0x00000000e4400000, 0x00000000e4400000| Untracked 
|  57|0x00000000e4500000, 0x00000000e4500000, 0x00000000e4600000|  0%| F|  |TAMS 0x00000000e4500000, 0x00000000e4500000| Untracked 
|  58|0x00000000e4600000, 0x00000000e4600000, 0x00000000e4700000|  0%| F|  |TAMS 0x00000000e4600000, 0x00000000e4600000| Untracked 
|  59|0x00000000e4700000, 0x00000000e4700000, 0x00000000e4800000|  0%| F|  |TAMS 0x00000000e4700000, 0x00000000e4700000| Untracked 
|  60|0x00000000e4800000, 0x00000000e4800000, 0x00000000e4900000|  0%| F|  |TAMS 0x00000000e4800000, 0x00000000e4800000| Untracked 
|  61|0x00000000e4900000, 0x00000000e4900000, 0x00000000e4a00000|  0%| F|  |TAMS 0x00000000e4900000, 0x00000000e4900000| Untracked 
|  62|0x00000000e4a00000, 0x00000000e4a00000, 0x00000000e4b00000|  0%| F|  |TAMS 0x00000000e4a00000, 0x00000000e4a00000| Untracked 
|  63|0x00000000e4b00000, 0x00000000e4b00000, 0x00000000e4c00000|  0%| F|  |TAMS 0x00000000e4b00000, 0x00000000e4b00000| Untracked 
|  64|0x00000000e4c00000, 0x00000000e4c00000, 0x00000000e4d00000|  0%| F|  |TAMS 0x00000000e4c00000, 0x00000000e4c00000| Untracked 
|  65|0x00000000e4d00000, 0x00000000e4d00000, 0x00000000e4e00000|  0%| F|  |TAMS 0x00000000e4d00000, 0x00000000e4d00000| Untracked 
|  66|0x00000000e4e00000, 0x00000000e4e00000, 0x00000000e4f00000|  0%| F|  |TAMS 0x00000000e4e00000, 0x00000000e4e00000| Untracked 
|  67|0x00000000e4f00000, 0x00000000e4f00000, 0x00000000e5000000|  0%| F|  |TAMS 0x00000000e4f00000, 0x00000000e4f00000| Untracked 
|  68|0x00000000e5000000, 0x00000000e5000000, 0x00000000e5100000|  0%| F|  |TAMS 0x00000000e5000000, 0x00000000e5000000| Untracked 
|  69|0x00000000e5100000, 0x00000000e5100000, 0x00000000e5200000|  0%| F|  |TAMS 0x00000000e5100000, 0x00000000e5100000| Untracked 
|  70|0x00000000e5200000, 0x00000000e5200000, 0x00000000e5300000|  0%| F|  |TAMS 0x00000000e5200000, 0x00000000e5200000| Untracked 
|  71|0x00000000e5300000, 0x00000000e5300000, 0x00000000e5400000|  0%| F|  |TAMS 0x00000000e5300000, 0x00000000e5300000| Untracked 
|  72|0x00000000e5400000, 0x00000000e5400000, 0x00000000e5500000|  0%| F|  |TAMS 0x00000000e5400000, 0x00000000e5400000| Untracked 
|  73|0x00000000e5500000, 0x00000000e5500000, 0x00000000e5600000|  0%| F|  |TAMS 0x00000000e5500000, 0x00000000e5500000| Untracked 
|  74|0x00000000e5600000, 0x00000000e5600000, 0x00000000e5700000|  0%| F|  |TAMS 0x00000000e5600000, 0x00000000e5600000| Untracked 
|  75|0x00000000e5700000, 0x00000000e5700000, 0x00000000e5800000|  0%| F|  |TAMS 0x00000000e5700000, 0x00000000e5700000| Untracked 
|  76|0x00000000e5800000, 0x00000000e5800000, 0x00000000e5900000|  0%| F|  |TAMS 0x00000000e5800000, 0x00000000e5800000| Untracked 
|  77|0x00000000e5900000, 0x00000000e5900000, 0x00000000e5a00000|  0%| F|  |TAMS 0x00000000e5900000, 0x00000000e5900000| Untracked 
|  78|0x00000000e5a00000, 0x00000000e5a00000, 0x00000000e5b00000|  0%| F|  |TAMS 0x00000000e5a00000, 0x00000000e5a00000| Untracked 
|  79|0x00000000e5b00000, 0x00000000e5b00000, 0x00000000e5c00000|  0%| F|  |TAMS 0x00000000e5b00000, 0x00000000e5b00000| Untracked 
|  80|0x00000000e5c00000, 0x00000000e5c00000, 0x00000000e5d00000|  0%| F|  |TAMS 0x00000000e5c00000, 0x00000000e5c00000| Untracked 
|  81|0x00000000e5d00000, 0x00000000e5d00000, 0x00000000e5e00000|  0%| F|  |TAMS 0x00000000e5d00000, 0x00000000e5d00000| Untracked 
|  82|0x00000000e5e00000, 0x00000000e5e00000, 0x00000000e5f00000|  0%| F|  |TAMS 0x00000000e5e00000, 0x00000000e5e00000| Untracked 
|  83|0x00000000e5f00000, 0x00000000e5f00000, 0x00000000e6000000|  0%| F|  |TAMS 0x00000000e5f00000, 0x00000000e5f00000| Untracked 
|  84|0x00000000e6000000, 0x00000000e6000000, 0x00000000e6100000|  0%| F|  |TAMS 0x00000000e6000000, 0x00000000e6000000| Untracked 
|  85|0x00000000e6100000, 0x00000000e6100000, 0x00000000e6200000|  0%| F|  |TAMS 0x00000000e6100000, 0x00000000e6100000| Untracked 
|  86|0x00000000e6200000, 0x00000000e6200000, 0x00000000e6300000|  0%| F|  |TAMS 0x00000000e6200000, 0x00000000e6200000| Untracked 
|  87|0x00000000e6300000, 0x00000000e6300000, 0x00000000e6400000|  0%| F|  |TAMS 0x00000000e6300000, 0x00000000e6300000| Untracked 
|  88|0x00000000e6400000, 0x00000000e6400000, 0x00000000e6500000|  0%| F|  |TAMS 0x00000000e6400000, 0x00000000e6400000| Untracked 
|  89|0x00000000e6500000, 0x00000000e6500000, 0x00000000e6600000|  0%| F|  |TAMS 0x00000000e6500000, 0x00000000e6500000| Untracked 
|  90|0x00000000e6600000, 0x00000000e6600000, 0x00000000e6700000|  0%| F|  |TAMS 0x00000000e6600000, 0x00000000e6600000| Untracked 
|  91|0x00000000e6700000, 0x00000000e6700000, 0x00000000e6800000|  0%| F|  |TAMS 0x00000000e6700000, 0x00000000e6700000| Untracked 
|  92|0x00000000e6800000, 0x00000000e6800000, 0x00000000e6900000|  0%| F|  |TAMS 0x00000000e6800000, 0x00000000e6800000| Untracked 
|  93|0x00000000e6900000, 0x00000000e6900000, 0x00000000e6a00000|  0%| F|  |TAMS 0x00000000e6900000, 0x00000000e6900000| Untracked 
|  94|0x00000000e6a00000, 0x00000000e6a00000, 0x00000000e6b00000|  0%| F|  |TAMS 0x00000000e6a00000, 0x00000000e6a00000| Untracked 
|  95|0x00000000e6b00000, 0x00000000e6b00000, 0x00000000e6c00000|  0%| F|  |TAMS 0x00000000e6b00000, 0x00000000e6b00000| Untracked 
|  96|0x00000000e6c00000, 0x00000000e6c00000, 0x00000000e6d00000|  0%| F|  |TAMS 0x00000000e6c00000, 0x00000000e6c00000| Untracked 
|  97|0x00000000e6d00000, 0x00000000e6d00000, 0x00000000e6e00000|  0%| F|  |TAMS 0x00000000e6d00000, 0x00000000e6d00000| Untracked 
| 498|0x00000000ffe00000, 0x00000000ffe44000, 0x00000000fff00000| 26%|OA|  |TAMS 0x00000000ffe44000, 0x00000000ffe00000| Untracked 
| 499|0x00000000fff00000, 0x00000000fff6a000, 0x0000000100000000| 41%|CA|  |TAMS 0x00000000fff6a000, 0x00000000fff00000| Untracked 

Card table byte_map: [0x00007f151006a000,0x00007f1510164000] _byte_map_base: 0x00007f150f964000

Marking Bits (Prev, Next): (CMBitMap*) 0x00007f152803ac48, (CMBitMap*) 0x00007f152803ac80
 Prev Bits: [0x00007f150b736000, 0x00007f150bf06000)
 Next Bits: [0x00007f150af66000, 0x00007f150b736000)

Polling page: 0x00007f152fc54000

Metaspace:

Usage:
  Non-class:     39.63 MB capacity,    39.11 MB ( 99%) used,   450.94 KB (  1%) free+waste,    85.56 KB ( <1%) overhead. 
      Class:      8.44 MB capacity,     8.16 MB ( 97%) used,   249.25 KB (  3%) free+waste,    43.19 KB ( <1%) overhead. 
       Both:     48.08 MB capacity,    47.27 MB ( 98%) used,   700.19 KB (  1%) free+waste,   128.75 KB ( <1%) overhead. 

Virtual space:
  Non-class space:       40.00 MB reserved,      40.00 MB (100%) committed 
      Class space:        1.00 GB reserved,       8.50 MB ( <1%) committed 
             Both:        1.04 GB reserved,      48.50 MB (  5%) committed 

Chunk freelists:
   Non-Class:  215.00 KB
       Class:  1.00 KB
        Both:  216.00 KB

MaxMetaspaceSize: unlimited
CompressedClassSpaceSize: 1.00 GB

CodeHeap 'non-profiled nmethods': size=120036Kb used=2360Kb max_used=2360Kb free=117675Kb
 bounds [0x00007f15181ff000, 0x00007f151846f000, 0x00007f151f738000]
CodeHeap 'profiled nmethods': size=120032Kb used=9324Kb max_used=9398Kb free=110707Kb
 bounds [0x00007f1510cc7000, 0x00007f15115f7000, 0x00007f15181ff000]
CodeHeap 'non-nmethods': size=5692Kb used=1226Kb max_used=1260Kb free=4465Kb
 bounds [0x00007f1510738000, 0x00007f15109a8000, 0x00007f1510cc7000]
 total_blobs=6263 nmethods=4410 adapters=491
 compilation: enabled
              stopped_count=0, restarted_count=0
 full_count=0

Compilation events (20 events):
Event: 56.294 Thread 0x00007f152809f800 nmethod 4750 0x00007f15115ee710 code [0x00007f15115ee960, 0x00007f15115ef868]
Event: 56.333 Thread 0x00007f152809f800 4738   !   2       java.util.concurrent.ThreadPoolExecutor::getTask (177 bytes)
Event: 57.658 Thread 0x00007f152809f800 nmethod 4738 0x00007f15115efd10 code [0x00007f15115eff20, 0x00007f15115f0538]
Event: 57.920 Thread 0x00007f152809f800 4744       2       java.util.concurrent.locks.AbstractQueuedSynchronizer::transferForSignal (45 bytes)
Event: 59.822 Thread 0x00007f152809f800 nmethod 4744 0x00007f15115f0810 code [0x00007f15115f0a40, 0x00007f15115f10f8]
Event: 59.871 Thread 0x00007f152809f800 4765   !   2       java.util.concurrent.locks.AbstractQueuedSynchronizer::acquireQueued (74 bytes)
Event: 60.497 Thread 0x00007f152809f800 nmethod 4765 0x00007f15115f1490 code [0x00007f15115f16e0, 0x00007f15115f1e48]
Event: 60.579 Thread 0x00007f152809f800 4768       2       org.apache.storm.utils.DisruptorQueue$Flusher::run (72 bytes)
Event: 63.968 Thread 0x00007f152809f800 nmethod 4768 0x00007f15115f2290 code [0x00007f15115f24e0, 0x00007f15115f2bb8]
Event: 64.105 Thread 0x00007f152809f800 4774       2       java.util.concurrent.locks.AbstractQueuedSynchronizer::enq (37 bytes)
Event: 72.596 Thread 0x00007f152809f800 nmethod 4774 0x00007f15115f2f10 code [0x00007f15115f31c0, 0x00007f15115f3f08]
Event: 72.914 Thread 0x00007f152809f800 4771       2       clojure.lang.PersistentHashMap$BitmapIndexedNode::find (90 bytes)
Event: 75.990 Thread 0x00007f152809f800 nmethod 4771 0x00007f15115f4510 code [0x00007f15115f4700, 0x00007f15115f4a68]
Event: 76.130 Thread 0x00007f152809f800 4742 % !   3       java.util.concurrent.ThreadPoolExecutor::runWorker @ 21 (187 bytes)
Event: 82.539 Thread 0x00007f152809d800 nmethod 4712 0x00007f151844bd90 code [0x00007f151844c0a0, 0x00007f151844ce68]
Event: 82.866 Thread 0x00007f152809d800 4806       4       java.util.concurrent.locks.AbstractQueuedSynchronizer::enq (37 bytes)
Event: 83.274 Thread 0x00007f152809f800 nmethod 4742% 0x00007f1510cdbc10 code [0x00007f1510cdbf40, 0x00007f1510cdd458]
Event: 83.645 Thread 0x00007f152809f800 4808       2       java.util.concurrent.AbstractExecutorService::submit (26 bytes)
Event: 85.926 Thread 0x00007f152809f800 nmethod 4808 0x00007f1510cc7610 code [0x00007f1510cc77e0, 0x00007f1510cc7a88]
Event: 86.279 Thread 0x00007f152809f800 4813       2       java.util.ArrayList$Itr::<init> (26 bytes)

GC Heap History (20 events):
Event: 2.946 GC heap after
{Heap after GC invocations=13 (full 0):
 garbage-first heap   total 65536K, used 20495K [0x00000000e0c00000, 0x0000000100000000)
  region size 1024K, 3 young (3072K), 3 survivors (3072K)
 Metaspace       used 31652K, capacity 32061K, committed 32896K, reserved 1077248K
  class space    used 5458K, capacity 5635K, committed 5760K, reserved 1048576K
}
Event: 3.169 GC heap before
{Heap before GC invocations=13 (full 0):
 garbage-first heap   total 65536K, used 47119K [0x00000000e0c00000, 0x0000000100000000)
  region size 1024K, 29 young (29696K), 3 survivors (3072K)
 Metaspace       used 34041K, capacity 34429K, committed 35456K, reserved 1079296K
  class space    used 5992K, capacity 6147K, committed 6272K, reserved 1048576K
}
Event: 3.174 GC heap after
{Heap after GC invocations=14 (full 0):
 garbage-first heap   total 78848K, used 21632K [0x00000000e0c00000, 0x0000000100000000)
  region size 1024K, 3 young (3072K), 3 survivors (3072K)
 Metaspace       used 34041K, capacity 34429K, committed 35456K, reserved 1079296K
  class space    used 5992K, capacity 6147K, committed 6272K, reserved 1048576K
}
Event: 3.296 GC heap before
{Heap before GC invocations=14 (full 0):
 garbage-first heap   total 78848K, used 26752K [0x00000000e0c00000, 0x0000000100000000)
  region size 1024K, 9 young (9216K), 3 survivors (3072K)
 Metaspace       used 34668K, capacity 35026K, committed 35840K, reserved 1079296K
  class space    used 6112K, capacity 6280K, committed 6400K, reserved 1048576K
}
Event: 3.303 GC heap after
{Heap after GC invocations=15 (full 0):
 garbage-first heap   total 78848K, used 21883K [0x00000000e0c00000, 0x0000000100000000)
  region size 1024K, 3 young (3072K), 3 survivors (3072K)
 Metaspace       used 34668K, capacity 35026K, committed 35840K, reserved 1079296K
  class space    used 6112K, capacity 6280K, committed 6400K, reserved 1048576K
}
Event: 3.912 GC heap before
{Heap before GC invocations=16 (full 0):
 garbage-first heap   total 78848K, used 52603K [0x00000000e0c00000, 0x0000000100000000)
  region size 1024K, 33 young (33792K), 3 survivors (3072K)
 Metaspace       used 38403K, capacity 38890K, committed 39680K, reserved 1081344K
  class space    used 6907K, capacity 7113K, committed 7168K, reserved 1048576K
}
Event: 3.923 GC heap after
{Heap after GC invocations=17 (full 0):
 garbage-first heap   total 78848K, used 23563K [0x00000000e0c00000, 0x0000000100000000)
  region size 1024K, 4 young (4096K), 4 survivors (4096K)
 Metaspace       used 38403K, capacity 38890K, committed 39680K, reserved 1081344K
  class space    used 6907K, capacity 7113K, committed 7168K, reserved 1048576K
}
Event: 4.736 GC heap before
{Heap before GC invocations=17 (full 0):
 garbage-first heap   total 78848K, used 54283K [0x00000000e0c00000, 0x0000000100000000)
  region size 1024K, 34 young (34816K), 4 survivors (4096K)
 Metaspace       used 42613K, capacity 43155K, committed 44032K, reserved 1085440K
  class space    used 7475K, capacity 7679K, committed 7680K, reserved 1048576K
}
Event: 4.762 GC heap after
{Heap after GC invocations=18 (full 0):
 garbage-first heap   total 78848K, used 24602K [0x00000000e0c00000, 0x0000000100000000)
  region size 1024K, 3 young (3072K), 3 survivors (3072K)
 Metaspace       used 42613K, capacity 43155K, committed 44032K, reserved 1085440K
  class space    used 7475K, capacity 7679K, committed 7680K, reserved 1048576K
}
Event: 5.478 GC heap before
{Heap before GC invocations=18 (full 0):
 garbage-first heap   total 78848K, used 56346K [0x00000000e0c00000, 0x0000000100000000)
  region size 1024K, 34 young (34816K), 3 survivors (3072K)
 Metaspace       used 45015K, capacity 45663K, committed 46208K, reserved 1087488K
  class space    used 7756K, capacity 7991K, committed 8064K, reserved 1048576K
}
Event: 5.508 GC heap after
{Heap after GC invocations=19 (full 0):
 garbage-first heap   total 102400K, used 26959K [0x00000000e0c00000, 0x0000000100000000)
  region size 1024K, 4 young (4096K), 4 survivors (4096K)
 Metaspace       used 45015K, capacity 45663K, committed 46208K, reserved 1087488K
  class space    used 7756K, capacity 7991K, committed 8064K, reserved 1048576K
}
Event: 14.827 GC heap before
{Heap before GC invocations=19 (full 0):
 garbage-first heap   total 102400K, used 81231K [0x00000000e0c00000, 0x0000000100000000)
  region size 1024K, 55 young (56320K), 4 survivors (4096K)
 Metaspace       used 46013K, capacity 46719K, committed 47104K, reserved 1087488K
  class space    used 7924K, capacity 8162K, committed 8192K, reserved 1048576K
}
Event: 14.872 GC heap after
{Heap after GC invocations=20 (full 0):
 garbage-first heap   total 102400K, used 29597K [0x00000000e0c00000, 0x0000000100000000)
  region size 1024K, 4 young (4096K), 4 survivors (4096K)
 Metaspace       used 46013K, capacity 46719K, committed 47104K, reserved 1087488K
  class space    used 7924K, capacity 8162K, committed 8192K, reserved 1048576K
}
Event: 24.006 GC heap before
{Heap before GC invocations=20 (full 0):
 garbage-first heap   total 102400K, used 80797K [0x00000000e0c00000, 0x0000000100000000)
  region size 1024K, 55 young (56320K), 4 survivors (4096K)
 Metaspace       used 46669K, capacity 47399K, committed 48000K, reserved 1089536K
  class space    used 8014K, capacity 8298K, committed 8320K, reserved 1048576K
}
Event: 24.087 GC heap after
{Heap after GC invocations=21 (full 0):
 garbage-first heap   total 102400K, used 28866K [0x00000000e0c00000, 0x0000000100000000)
  region size 1024K, 6 young (6144K), 6 survivors (6144K)
 Metaspace       used 46669K, capacity 47399K, committed 48000K, reserved 1089536K
  class space    used 8014K, capacity 8298K, committed 8320K, reserved 1048576K
}
Event: 36.260 GC heap before
{Heap before GC invocations=21 (full 0):
 garbage-first heap   total 102400K, used 81090K [0x00000000e0c00000, 0x0000000100000000)
  region size 1024K, 58 young (59392K), 6 survivors (6144K)
 Metaspace       used 47585K, capacity 48331K, committed 48768K, reserved 1089536K
  class space    used 8226K, capacity 8499K, committed 8576K, reserved 1048576K
}
Event: 36.535 GC heap after
{Heap after GC invocations=22 (full 0):
 garbage-first heap   total 102400K, used 28517K [0x00000000e0c00000, 0x0000000100000000)
  region size 1024K, 4 young (4096K), 4 survivors (4096K)
 Metaspace       used 47585K, capacity 48331K, committed 48768K, reserved 1089536K
  class space    used 8226K, capacity 8499K, committed 8576K, reserved 1048576K
}
Event: 54.951 GC heap before
{Heap before GC invocations=22 (full 0):
 garbage-first heap   total 102400K, used 80741K [0x00000000e0c00000, 0x0000000100000000)
  region size 1024K, 56 young (57344K), 4 survivors (4096K)
 Metaspace       used 48336K, capacity 49170K, committed 49664K, reserved 1089536K
  class space    used 8335K, capacity 8628K, committed 8704K, reserved 1048576K
}
Event: 55.237 GC heap after
{Heap after GC invocations=23 (full 0):
 garbage-first heap   total 102400K, used 28485K [0x00000000e0c00000, 0x0000000100000000)
  region size 1024K, 4 young (4096K), 4 survivors (4096K)
 Metaspace       used 48336K, capacity 49170K, committed 49664K, reserved 1089536K
  class space    used 8335K, capacity 8628K, committed 8704K, reserved 1048576K
}
Event: 88.342 GC heap before
{Heap before GC invocations=23 (full 0):
 garbage-first heap   total 102400K, used 80709K [0x00000000e0c00000, 0x0000000100000000)
  region size 1024K, 56 young (57344K), 4 survivors (4096K)
 Metaspace       used 48401K, capacity 49230K, committed 49664K, reserved 1089536K
  class space    used 8352K, capacity 8645K, committed 8704K, reserved 1048576K
}

Deoptimization events (20 events):
Event: 68.460 Thread 0x00007f15294e7800 DEOPT PACKING pc=0x00007f15115def99 sp=0x00007f14cf7f7970
Event: 68.631 Thread 0x00007f15294e7800 DEOPT UNPACKING pc=0x00007f1510761fca sp=0x00007f14cf7f6f28 mode 0
Event: 69.237 Thread 0x00007f15294e7800 DEOPT PACKING pc=0x00007f15115def99 sp=0x00007f14cf7f7970
Event: 69.271 Thread 0x00007f15294e7800 DEOPT UNPACKING pc=0x00007f1510761fca sp=0x00007f14cf7f6f28 mode 0
Event: 72.193 Thread 0x00007f15294e7800 DEOPT PACKING pc=0x00007f15115def99 sp=0x00007f14cf7f6e70
Event: 72.205 Thread 0x00007f15294e7800 DEOPT UNPACKING pc=0x00007f1510761fca sp=0x00007f14cf7f6428 mode 0
Event: 73.563 Thread 0x00007f152909a000 DEOPT PACKING pc=0x00007f151142e35d sp=0x00007f14cbdc21e0
Event: 73.672 Thread 0x00007f152909a000 DEOPT UNPACKING pc=0x00007f1510761fca sp=0x00007f14cbdc17c0 mode 0
Event: 78.707 Thread 0x00007f15287e4800 Uncommon trap: trap_request=0xffffff4d fr.pc=0x00007f151842aed8 relative=0x00000000000003f8
Event: 78.717 Thread 0x00007f15287e4800 Uncommon trap: reason=unstable_if action=reinterpret pc=0x00007f151842aed8 method=java.util.concurrent.ThreadPoolExecutor.execute(Ljava/lang/Runnable;)V @ 66 c2
Event: 78.740 Thread 0x00007f15287e4800 DEOPT PACKING pc=0x00007f151842aed8 sp=0x00007f14cc1c66f0
Event: 78.793 Thread 0x00007f15287e4800 DEOPT UNPACKING pc=0x00007f151073fe25 sp=0x00007f14cc1c6640 mode 2
Event: 79.162 Thread 0x00007f15294e7800 DEOPT PACKING pc=0x00007f151154df31 sp=0x00007f14cf7f7620
Event: 79.206 Thread 0x00007f15294e7800 DEOPT UNPACKING pc=0x00007f1510761fca sp=0x00007f14cf7f6b80 mode 0
Event: 84.865 Thread 0x00007f15294e7800 DEOPT PACKING pc=0x00007f15115def99 sp=0x00007f14cf7f7a10
Event: 84.869 Thread 0x00007f15294e7800 DEOPT UNPACKING pc=0x00007f1510761fca sp=0x00007f14cf7f6fc8 mode 0
Event: 85.130 Thread 0x00007f15294e7800 DEOPT PACKING pc=0x00007f15115def99 sp=0x00007f14cf7f7950
Event: 85.339 Thread 0x00007f15294e7800 DEOPT UNPACKING pc=0x00007f1510761fca sp=0x00007f14cf7f6f08 mode 0
Event: 86.512 Thread 0x00007f15294e7800 DEOPT PACKING pc=0x00007f15115def99 sp=0x00007f14cf7f7950
Event: 86.547 Thread 0x00007f15294e7800 DEOPT UNPACKING pc=0x00007f1510761fca sp=0x00007f14cf7f6f08 mode 0

Classes redefined (0 events):
No events

Internal exceptions (20 events):
Event: 5.089 Thread 0x00007f1528015000 Exception <a 'java/lang/NoSuchMethodError'{0x00000000e4a7e618}: <clinit>> (0x00000000e4a7e618) thrown at [/build/openjdk-lts-ioLltV/openjdk-lts-11.0.5+10/src/hotspot/share/prims/jni.cpp, line 1362]
Event: 5.091 Thread 0x00007f1528015000 Exception <a 'java/lang/NoSuchMethodError'{0x00000000e4a9c368}: <clinit>> (0x00000000e4a9c368) thrown at [/build/openjdk-lts-ioLltV/openjdk-lts-11.0.5+10/src/hotspot/share/prims/jni.cpp, line 1362]
Event: 5.093 Thread 0x00007f1528015000 Exception <a 'java/lang/NoSuchMethodError'{0x00000000e4ac0088}: <clinit>> (0x00000000e4ac0088) thrown at [/build/openjdk-lts-ioLltV/openjdk-lts-11.0.5+10/src/hotspot/share/prims/jni.cpp, line 1362]
Event: 5.096 Thread 0x00007f1528015000 Exception <a 'java/lang/NoSuchMethodError'{0x00000000e4adf4a8}: <clinit>> (0x00000000e4adf4a8) thrown at [/build/openjdk-lts-ioLltV/openjdk-lts-11.0.5+10/src/hotspot/share/prims/jni.cpp, line 1362]
Event: 5.096 Thread 0x00007f1528015000 Exception <a 'java/lang/NoSuchMethodError'{0x00000000e4ae1d50}: <clinit>> (0x00000000e4ae1d50) thrown at [/build/openjdk-lts-ioLltV/openjdk-lts-11.0.5+10/src/hotspot/share/prims/jni.cpp, line 1362]
Event: 5.097 Thread 0x00007f1528015000 Exception <a 'java/lang/NoSuchMethodError'{0x00000000e4af1bb8}: <clinit>> (0x00000000e4af1bb8) thrown at [/build/openjdk-lts-ioLltV/openjdk-lts-11.0.5+10/src/hotspot/share/prims/jni.cpp, line 1362]
Event: 5.110 Thread 0x00007f1528015000 Exception <a 'java/lang/NoSuchMethodError'{0x00000000e4953d50}: <clinit>> (0x00000000e4953d50) thrown at [/build/openjdk-lts-ioLltV/openjdk-lts-11.0.5+10/src/hotspot/share/prims/jni.cpp, line 1362]
Event: 5.110 Thread 0x00007f1528015000 Exception <a 'java/lang/NoSuchMethodError'{0x00000000e4958780}: <clinit>> (0x00000000e4958780) thrown at [/build/openjdk-lts-ioLltV/openjdk-lts-11.0.5+10/src/hotspot/share/prims/jni.cpp, line 1362]
Event: 5.181 Thread 0x00007f1528015000 Exception <a 'java/lang/NoSuchMethodError'{0x00000000e44153a0}: <clinit>> (0x00000000e44153a0) thrown at [/build/openjdk-lts-ioLltV/openjdk-lts-11.0.5+10/src/hotspot/share/prims/jni.cpp, line 1362]
Event: 5.222 Thread 0x00007f1528015000 Exception <a 'java/lang/NoSuchMethodError'{0x00000000e43fe980}: <clinit>> (0x00000000e43fe980) thrown at [/build/openjdk-lts-ioLltV/openjdk-lts-11.0.5+10/src/hotspot/share/prims/jni.cpp, line 1362]
Event: 5.245 Thread 0x00007f1528015000 Implicit null exception at 0x00007f15182ac6e6 to 0x00007f15182ad762
Event: 5.303 Thread 0x00007f1528015000 Exception <a 'java/io/IOException'{0x00000000e3e6fd98}> (0x00000000e3e6fd98) thrown at [/build/openjdk-lts-ioLltV/openjdk-lts-11.0.5+10/src/hotspot/share/prims/jni.cpp, line 615]
Event: 5.319 Thread 0x00007f1528015000 Exception <a 'java/io/IOException'{0x00000000e3e7bc88}> (0x00000000e3e7bc88) thrown at [/build/openjdk-lts-ioLltV/openjdk-lts-11.0.5+10/src/hotspot/share/prims/jni.cpp, line 615]
Event: 5.381 Thread 0x00007f1528015000 Exception <a 'java/io/IOException'{0x00000000e3d9cc70}> (0x00000000e3d9cc70) thrown at [/build/openjdk-lts-ioLltV/openjdk-lts-11.0.5+10/src/hotspot/share/prims/jni.cpp, line 615]
Event: 5.382 Thread 0x00007f1528015000 Exception <a 'java/io/IOException'{0x00000000e3d9e458}> (0x00000000e3d9e458) thrown at [/build/openjdk-lts-ioLltV/openjdk-lts-11.0.5+10/src/hotspot/share/prims/jni.cpp, line 615]
Event: 27.251 Thread 0x000055c2eae19000 Implicit null exception at 0x00007f151841dd5b to 0x00007f151841e0fe
Event: 27.281 Thread 0x000055c2eae19000 Implicit null exception at 0x00007f151841dd5b to 0x00007f151841e0fe
Event: 27.297 Thread 0x000055c2eae19000 Implicit null exception at 0x00007f151841dd5b to 0x00007f151841e0fe
Event: 27.297 Thread 0x000055c2eae19000 Implicit null exception at 0x00007f151841dd5b to 0x00007f151841e0fe
Event: 28.083 Thread 0x00007f1529590000 Exception <a 'java/lang/NoSuchMethodError'{0x00000000e4471950}: 'void java.lang.invoke.DirectMethodHandle$Holder.invokeSpecial(java.lang.Object, java.lang.Object, java.lang.Object, int)'> (0x00000000e4471950) thrown at [/build/openjdk-lts-ioLltV/openjdk-l

Events (20 events):
Event: 77.053 Thread 0x00007f15280a1800 flushing nmethod 0x00007f1510ce5710
Event: 77.053 Thread 0x00007f15280a1800 flushing nmethod 0x00007f1510ce8490
Event: 77.053 Thread 0x00007f15280a1800 flushing nmethod 0x00007f1510ce8890
Event: 77.054 Thread 0x00007f15280a1800 flushing nmethod 0x00007f1510ced610
Event: 77.054 Thread 0x00007f15280a1800 flushing nmethod 0x00007f1510cf3c10
Event: 77.054 Thread 0x00007f15280a1800 flushing nmethod 0x00007f1510cf5a90
Event: 77.054 Thread 0x00007f15280a1800 flushing nmethod 0x00007f1510cf7010
Event: 77.054 Thread 0x00007f15280a1800 flushing nmethod 0x00007f1510cfa610
Event: 77.054 Thread 0x00007f15280a1800 flushing nmethod 0x00007f1510cfde10
Event: 77.054 Thread 0x00007f15280a1800 flushing nmethod 0x00007f1510cfe690
Event: 77.054 Thread 0x00007f15280a1800 flushing nmethod 0x00007f1510cfea90
Event: 77.054 Thread 0x00007f15280a1800 flushing nmethod 0x00007f1510d00010
Event: 77.054 Thread 0x00007f15280a1800 flushing nmethod 0x00007f1510d00d10
Event: 77.054 Thread 0x00007f15280a1800 flushing nmethod 0x00007f1510d01990
Event: 77.711 Thread 0x00007f15280a1800 flushing nmethod 0x00007f1511142010
Event: 79.595 Thread 0x000055c2eae1d800 Thread added: 0x000055c2eae1d800
Event: 79.652 Protecting memory [0x00007f14cb2b9000,0x00007f14cb2bd000] with protection modes 0
Event: 86.278 loading class clojure/lang/Compiler$TryExpr$CatchClause
Event: 86.333 loading class clojure/lang/Compiler$TryExpr$CatchClause done
Event: 87.948 Executing VM operation: G1CollectForAllocation


Dynamic libraries:
e0c00000-e6e00000 rw-p 00000000 00:00 0 
e8800000-ffe00000 ---p 00000000 00:00 0 
ffe00000-ffe44000 rw-p 01104000 fc:01 271343                             /usr/lib/jvm/java-11-openjdk-amd64/lib/server/classes.jsa
ffe44000-fff00000 rw-p 00000000 00:00 0 
fff00000-fff6a000 rw-p 0109a000 fc:01 271343                             /usr/lib/jvm/java-11-openjdk-amd64/lib/server/classes.jsa
fff6a000-100000000 rw-p 00000000 00:00 0 
800000000-800002000 rwxp 00001000 fc:01 271343                           /usr/lib/jvm/java-11-openjdk-amd64/lib/server/classes.jsa
800002000-8003b8000 rw-p 00003000 fc:01 271343                           /usr/lib/jvm/java-11-openjdk-amd64/lib/server/classes.jsa
8003b8000-800a8c000 r--p 003b9000 fc:01 271343                           /usr/lib/jvm/java-11-openjdk-amd64/lib/server/classes.jsa
800a8c000-800a8d000 rw-p 00a8d000 fc:01 271343                           /usr/lib/jvm/java-11-openjdk-amd64/lib/server/classes.jsa
800a8d000-801099000 r--p 00a8e000 fc:01 271343                           /usr/lib/jvm/java-11-openjdk-amd64/lib/server/classes.jsa
840000000-840880000 rw-p 00000000 00:00 0 
840880000-880000000 ---p 00000000 00:00 0 
55c2e8cb7000-55c2e8cb8000 r-xp 00000000 fc:01 271792                     /usr/lib/jvm/java-11-openjdk-amd64/bin/java
55c2e8eb8000-55c2e8eb9000 r--p 00001000 fc:01 271792                     /usr/lib/jvm/java-11-openjdk-amd64/bin/java
55c2e8eb9000-55c2e8eba000 rw-p 00002000 fc:01 271792                     /usr/lib/jvm/java-11-openjdk-amd64/bin/java
55c2eadfb000-55c2eae3d000 rw-p 00000000 00:00 0                          [heap]
7f14cb2b9000-7f14cb2bd000 ---p 00000000 00:00 0 
7f14cb2bd000-7f14cb3ba000 rw-p 00000000 00:00 0 
7f14cb3ba000-7f14cb3be000 ---p 00000000 00:00 0 
7f14cb3be000-7f14cb4bb000 rw-p 00000000 00:00 0 
7f14cb4bb000-7f14cb4bf000 ---p 00000000 00:00 0 
7f14cb4bf000-7f14cb5bc000 rw-p 00000000 00:00 0 
7f14cb5bc000-7f14cb5c0000 ---p 00000000 00:00 0 
7f14cb5c0000-7f14cb6bd000 rw-p 00000000 00:00 0 
7f14cb6bd000-7f14cb6c1000 ---p 00000000 00:00 0 
7f14cb6c1000-7f14cb7be000 rw-p 00000000 00:00 0 
7f14cb7be000-7f14cb7c2000 ---p 00000000 00:00 0 
7f14cb7c2000-7f14cb8bf000 rw-p 00000000 00:00 0 
7f14cb8bf000-7f14cb8c3000 ---p 00000000 00:00 0 
7f14cb8c3000-7f14cb9c0000 rw-p 00000000 00:00 0 
7f14cb9c0000-7f14cb9c4000 ---p 00000000 00:00 0 
7f14cb9c4000-7f14cbac1000 rw-p 00000000 00:00 0 
7f14cbac1000-7f14cbac5000 ---p 00000000 00:00 0 
7f14cbac5000-7f14cbbc2000 rw-p 00000000 00:00 0 
7f14cbbc2000-7f14cbbc6000 ---p 00000000 00:00 0 
7f14cbbc6000-7f14cbcc3000 rw-p 00000000 00:00 0 
7f14cbcc3000-7f14cbcc7000 ---p 00000000 00:00 0 
7f14cbcc7000-7f14cbdc4000 rw-p 00000000 00:00 0 
7f14cbdc4000-7f14cbdc8000 ---p 00000000 00:00 0 
7f14cbdc8000-7f14cbec5000 rw-p 00000000 00:00 0 
7f14cbec5000-7f14cbec9000 ---p 00000000 00:00 0 
7f14cbec9000-7f14cbfc6000 rw-p 00000000 00:00 0 
7f14cbfc6000-7f14cbfca000 ---p 00000000 00:00 0 
7f14cbfca000-7f14cc0c7000 rw-p 00000000 00:00 0 
7f14cc0c7000-7f14cc0cb000 ---p 00000000 00:00 0 
7f14cc0cb000-7f14cc3c8000 rw-p 00000000 00:00 0 
7f14cc3c8000-7f14cc3cc000 ---p 00000000 00:00 0 
7f14cc3cc000-7f14cc4c9000 rw-p 00000000 00:00 0 
7f14cc4c9000-7f14cc4cd000 ---p 00000000 00:00 0 
7f14cc4cd000-7f14cc5ca000 rw-p 00000000 00:00 0 
7f14cc5ca000-7f14cc5ce000 ---p 00000000 00:00 0 
7f14cc5ce000-7f14cc6cb000 rw-p 00000000 00:00 0 
7f14cc6cb000-7f14cc6cf000 ---p 00000000 00:00 0 
7f14cc6cf000-7f14cc9cc000 rw-p 00000000 00:00 0 
7f14cc9cc000-7f14cc9d0000 ---p 00000000 00:00 0 
7f14cc9d0000-7f14ccacd000 rw-p 00000000 00:00 0 
7f14ccacd000-7f14ccad1000 ---p 00000000 00:00 0 
7f14ccad1000-7f14ccbce000 rw-p 00000000 00:00 0 
7f14ccbce000-7f14ccbd2000 ---p 00000000 00:00 0 
7f14ccbd2000-7f14ccccf000 rw-p 00000000 00:00 0 
7f14ccccf000-7f14cccd3000 ---p 00000000 00:00 0 
7f14cccd3000-7f14ccdd0000 rw-p 00000000 00:00 0 
7f14ccdd0000-7f14ccdd4000 ---p 00000000 00:00 0 
7f14ccdd4000-7f14cced1000 rw-p 00000000 00:00 0 
7f14cced1000-7f14cced5000 ---p 00000000 00:00 0 
7f14cced5000-7f14ccfd2000 rw-p 00000000 00:00 0 
7f14ccfd2000-7f14ccfd6000 ---p 00000000 00:00 0 
7f14ccfd6000-7f14cd0d3000 rw-p 00000000 00:00 0 
7f14cd0d3000-7f14cd0d7000 ---p 00000000 00:00 0 
7f14cd0d7000-7f14cd1d4000 rw-p 00000000 00:00 0 
7f14cd1d4000-7f14cd1d8000 ---p 00000000 00:00 0 
7f14cd1d8000-7f14cd2d5000 rw-p 00000000 00:00 0 
7f14cd2d5000-7f14cd2d9000 ---p 00000000 00:00 0 
7f14cd2d9000-7f14cd3d6000 rw-p 00000000 00:00 0 
7f14cd3d6000-7f14cd3da000 ---p 00000000 00:00 0 
7f14cd3da000-7f14cd4d7000 rw-p 00000000 00:00 0 
7f14cd4d7000-7f14cd4db000 ---p 00000000 00:00 0 
7f14cd4db000-7f14cd5d8000 rw-p 00000000 00:00 0 
7f14cd5d8000-7f14cd5dc000 ---p 00000000 00:00 0 
7f14cd5dc000-7f14cd6d9000 rw-p 00000000 00:00 0 
7f14cd6d9000-7f14cd6dd000 ---p 00000000 00:00 0 
7f14cd6dd000-7f14cd7da000 rw-p 00000000 00:00 0 
7f14cd7da000-7f14cd7de000 ---p 00000000 00:00 0 
7f14cd7de000-7f14cd8db000 rw-p 00000000 00:00 0 
7f14cd8db000-7f14cd8df000 ---p 00000000 00:00 0 
7f14cd8df000-7f14cd9dc000 rw-p 00000000 00:00 0 
7f14cd9dc000-7f14cd9e0000 ---p 00000000 00:00 0 
7f14cd9e0000-7f14cdadd000 rw-p 00000000 00:00 0 
7f14cdadd000-7f14cdae1000 ---p 00000000 00:00 0 
7f14cdae1000-7f14cdbde000 rw-p 00000000 00:00 0 
7f14cdbde000-7f14cdbe2000 ---p 00000000 00:00 0 
7f14cdbe2000-7f14cdcdf000 rw-p 00000000 00:00 0 
7f14cdcdf000-7f14cdce3000 ---p 00000000 00:00 0 
7f14cdce3000-7f14cdde0000 rw-p 00000000 00:00 0 
7f14cdde0000-7f14cdde4000 ---p 00000000 00:00 0 
7f14cdde4000-7f14cdee1000 rw-p 00000000 00:00 0 
7f14cdee1000-7f14cdee5000 ---p 00000000 00:00 0 
7f14cdee5000-7f14cdfe2000 rw-p 00000000 00:00 0 
7f14cdfe2000-7f14cdfe6000 ---p 00000000 00:00 0 
7f14cdfe6000-7f14ce0e3000 rw-p 00000000 00:00 0 
7f14ce0e3000-7f14ce0e7000 ---p 00000000 00:00 0 
7f14ce0e7000-7f14ce1e4000 rw-p 00000000 00:00 0 
7f14ce1e4000-7f14ce1e8000 ---p 00000000 00:00 0 
7f14ce1e8000-7f14ce2e5000 rw-p 00000000 00:00 0 
7f14ce2e5000-7f14ce2e9000 ---p 00000000 00:00 0 
7f14ce2e9000-7f14ce3e6000 rw-p 00000000 00:00 0 
7f14ce3e6000-7f14ce3ea000 ---p 00000000 00:00 0 
7f14ce3ea000-7f14ce4e7000 rw-p 00000000 00:00 0 
7f14ce4e7000-7f14ce4eb000 ---p 00000000 00:00 0 
7f14ce4eb000-7f14ce5e8000 rw-p 00000000 00:00 0 
7f14ce5e8000-7f14ce5ec000 ---p 00000000 00:00 0 
7f14ce5ec000-7f14ce6e9000 rw-p 00000000 00:00 0 
7f14ce6e9000-7f14ce6ed000 ---p 00000000 00:00 0 
7f14ce6ed000-7f14ce7ea000 rw-p 00000000 00:00 0 
7f14ce7ea000-7f14ce7ee000 ---p 00000000 00:00 0 
7f14ce7ee000-7f14ce8eb000 rw-p 00000000 00:00 0 
7f14ce8eb000-7f14ce8ef000 ---p 00000000 00:00 0 
7f14ce8ef000-7f14ce9ec000 rw-p 00000000 00:00 0 
7f14ce9ec000-7f14ce9f0000 ---p 00000000 00:00 0 
7f14ce9f0000-7f14ceaed000 rw-p 00000000 00:00 0 
7f14ceaed000-7f14ceaf1000 ---p 00000000 00:00 0 
7f14ceaf1000-7f14cebee000 rw-p 00000000 00:00 0 
7f14cebee000-7f14cebf2000 ---p 00000000 00:00 0 
7f14cebf2000-7f14cecef000 rw-p 00000000 00:00 0 
7f14cecef000-7f14cecf3000 ---p 00000000 00:00 0 
7f14cecf3000-7f14cedf0000 rw-p 00000000 00:00 0 
7f14cedf0000-7f14cedf4000 ---p 00000000 00:00 0 
7f14cedf4000-7f14ceef1000 rw-p 00000000 00:00 0 
7f14ceef1000-7f14ceef5000 ---p 00000000 00:00 0 
7f14ceef5000-7f14ceff2000 rw-p 00000000 00:00 0 
7f14ceff2000-7f14ceff6000 ---p 00000000 00:00 0 
7f14ceff6000-7f14cf0f3000 rw-p 00000000 00:00 0 
7f14cf0f3000-7f14cf0f7000 ---p 00000000 00:00 0 
7f14cf0f7000-7f14cf1f4000 rw-p 00000000 00:00 0 
7f14cf1f4000-7f14cf1f8000 ---p 00000000 00:00 0 
7f14cf1f8000-7f14cf2f5000 rw-p 00000000 00:00 0 
7f14cf2f5000-7f14cf2f9000 ---p 00000000 00:00 0 
7f14cf2f9000-7f14cf3f6000 rw-p 00000000 00:00 0 
7f14cf3f6000-7f14cf3fa000 ---p 00000000 00:00 0 
7f14cf3fa000-7f14cf4f7000 rw-p 00000000 00:00 0 
7f14cf4f7000-7f14cf4fb000 ---p 00000000 00:00 0 
7f14cf4fb000-7f14cf5f8000 rw-p 00000000 00:00 0 
7f14cf5f8000-7f14cf5fc000 ---p 00000000 00:00 0 
7f14cf5fc000-7f14cf6f9000 rw-p 00000000 00:00 0 
7f14cf6f9000-7f14cf6fd000 ---p 00000000 00:00 0 
7f14cf6fd000-7f14cf9fa000 rw-p 00000000 00:00 0 
7f14cf9fa000-7f14cf9fe000 ---p 00000000 00:00 0 
7f14cf9fe000-7f14cfafb000 rw-p 00000000 00:00 0 
7f14cfafb000-7f14cfaff000 ---p 00000000 00:00 0 
7f14cfaff000-7f14cfbfc000 rw-p 00000000 00:00 0 
7f14cfbfc000-7f14cfc00000 ---p 00000000 00:00 0 
7f14cfc00000-7f14cfcfd000 rw-p 00000000 00:00 0 
7f14cfcfd000-7f14cfd01000 ---p 00000000 00:00 0 
7f14cfd01000-7f14cfdfe000 rw-p 00000000 00:00 0 
7f14cfdfe000-7f14cfe02000 ---p 00000000 00:00 0 
7f14cfe02000-7f14cfeff000 rw-p 00000000 00:00 0 
7f14cfeff000-7f14cff03000 ---p 00000000 00:00 0 
7f14cff03000-7f14d0000000 rw-p 00000000 00:00 0 
7f14d0000000-7f14d0021000 rw-p 00000000 00:00 0 
7f14d0021000-7f14d4000000 ---p 00000000 00:00 0 
7f14d4000000-7f14d40b6000 rw-p 00000000 00:00 0 
7f14d40b6000-7f14d8000000 ---p 00000000 00:00 0 
7f14d8000000-7f14d8646000 rw-p 00000000 00:00 0 
7f14d8646000-7f14dc000000 ---p 00000000 00:00 0 
7f14dc000000-7f14dc021000 rw-p 00000000 00:00 0 
7f14dc021000-7f14e0000000 ---p 00000000 00:00 0 
7f14e0000000-7f14e0021000 rw-p 00000000 00:00 0 
7f14e0021000-7f14e4000000 ---p 00000000 00:00 0 
7f14e4000000-7f14e5d52000 rw-p 00000000 00:00 0 
7f14e5d52000-7f14e8000000 ---p 00000000 00:00 0 
7f14e8000000-7f14e8021000 rw-p 00000000 00:00 0 
7f14e8021000-7f14ec000000 ---p 00000000 00:00 0 
7f14ec000000-7f14ec021000 rw-p 00000000 00:00 0 
7f14ec021000-7f14f0000000 ---p 00000000 00:00 0 
7f14f0000000-7f14f00a6000 rw-p 00000000 00:00 0 
7f14f00a6000-7f14f4000000 ---p 00000000 00:00 0 
7f14f4000000-7f14f4021000 rw-p 00000000 00:00 0 
7f14f4021000-7f14f8000000 ---p 00000000 00:00 0 
7f14f8083000-7f14f8087000 ---p 00000000 00:00 0 
7f14f8087000-7f14f8184000 rw-p 00000000 00:00 0 
7f14f8184000-7f14f8188000 ---p 00000000 00:00 0 
7f14f8188000-7f14f8285000 rw-p 00000000 00:00 0 
7f14f8285000-7f14f8289000 ---p 00000000 00:00 0 
7f14f8289000-7f14f8386000 rw-p 00000000 00:00 0 
7f14f8386000-7f14f838a000 ---p 00000000 00:00 0 
7f14f838a000-7f14f8487000 rw-p 00000000 00:00 0 
7f14f8487000-7f14f848b000 ---p 00000000 00:00 0 
7f14f848b000-7f14f8588000 rw-p 00000000 00:00 0 
7f14f8588000-7f14f858c000 ---p 00000000 00:00 0 
7f14f858c000-7f14f8689000 rw-p 00000000 00:00 0 
7f14f8689000-7f14f868d000 ---p 00000000 00:00 0 
7f14f868d000-7f14f878a000 rw-p 00000000 00:00 0 
7f14f878a000-7f14f878e000 ---p 00000000 00:00 0 
7f14f878e000-7f14f8a8b000 rw-p 00000000 00:00 0 
7f14f8a8b000-7f14f8a8d000 r-xp 00000000 fc:01 271926                     /usr/lib/jvm/java-11-openjdk-amd64/lib/libextnet.so
7f14f8a8d000-7f14f8c8c000 ---p 00002000 fc:01 271926                     /usr/lib/jvm/java-11-openjdk-amd64/lib/libextnet.so
7f14f8c8c000-7f14f8c8d000 r--p 00001000 fc:01 271926                     /usr/lib/jvm/java-11-openjdk-amd64/lib/libextnet.so
7f14f8c8d000-7f14f8c8e000 rw-p 00002000 fc:01 271926                     /usr/lib/jvm/java-11-openjdk-amd64/lib/libextnet.so
7f14f8c8e000-7f14f8e8e000 rw-p 00000000 00:00 0 
7f14f8e8e000-7f14f908e000 rw-p 00000000 00:00 0 
7f14f908e000-7f14f928e000 rw-p 00000000 00:00 0 
7f14f928e000-7f14f948e000 rw-p 00000000 00:00 0 
7f14f948e000-7f14f968e000 rw-p 00000000 00:00 0 
7f14f968e000-7f14f988e000 rw-p 00000000 00:00 0 
7f14f988e000-7f14f9a8e000 rw-p 00000000 00:00 0 
7f14f9a8e000-7f14f9c8e000 rw-p 00000000 00:00 0 
7f14f9c8e000-7f14f9e8e000 rw-p 00000000 00:00 0 
7f14f9e8e000-7f14fa08e000 rw-p 00000000 00:00 0 
7f14fa08e000-7f14fa28e000 rw-p 00000000 00:00 0 
7f14fa28e000-7f14fa48e000 rw-p 00000000 00:00 0 
7f14fa48e000-7f14fa492000 ---p 00000000 00:00 0 
7f14fa492000-7f14fa58f000 rw-p 00000000 00:00 0 
7f14fa58f000-7f14fa5a6000 r-xp 00000000 fc:01 2181                       /lib/x86_64-linux-gnu/libresolv-2.27.so
7f14fa5a6000-7f14fa7a6000 ---p 00017000 fc:01 2181                       /lib/x86_64-linux-gnu/libresolv-2.27.so
7f14fa7a6000-7f14fa7a7000 r--p 00017000 fc:01 2181                       /lib/x86_64-linux-gnu/libresolv-2.27.so
7f14fa7a7000-7f14fa7a8000 rw-p 00018000 fc:01 2181                       /lib/x86_64-linux-gnu/libresolv-2.27.so
7f14fa7a8000-7f14fa7aa000 rw-p 00000000 00:00 0 
7f14fa7aa000-7f14fa7af000 r-xp 00000000 fc:01 2088                       /lib/x86_64-linux-gnu/libnss_dns-2.27.so
7f14fa7af000-7f14fa9af000 ---p 00005000 fc:01 2088                       /lib/x86_64-linux-gnu/libnss_dns-2.27.so
7f14fa9af000-7f14fa9b0000 r--p 00005000 fc:01 2088                       /lib/x86_64-linux-gnu/libnss_dns-2.27.so
7f14fa9b0000-7f14fa9b1000 rw-p 00006000 fc:01 2088                       /lib/x86_64-linux-gnu/libnss_dns-2.27.so
7f14fa9b1000-7f14fa9b2000 ---p 00000000 00:00 0 
7f14fa9b2000-7f14faab3000 rw-p 00000000 00:00 0 
7f14faab3000-7f14faab8000 r-xp 00000000 fc:01 271943                     /usr/lib/jvm/java-11-openjdk-amd64/lib/libmanagement_ext.so
7f14faab8000-7f14facb7000 ---p 00005000 fc:01 271943                     /usr/lib/jvm/java-11-openjdk-amd64/lib/libmanagement_ext.so
7f14facb7000-7f14facb8000 r--p 00004000 fc:01 271943                     /usr/lib/jvm/java-11-openjdk-amd64/lib/libmanagement_ext.so
7f14facb8000-7f14facb9000 rw-p 00005000 fc:01 271943                     /usr/lib/jvm/java-11-openjdk-amd64/lib/libmanagement_ext.so
7f14facb9000-7f14facbd000 r-xp 00000000 fc:01 271941                     /usr/lib/jvm/java-11-openjdk-amd64/lib/libmanagement.so
7f14facbd000-7f14faebc000 ---p 00004000 fc:01 271941                     /usr/lib/jvm/java-11-openjdk-amd64/lib/libmanagement.so
7f14faebc000-7f14faebd000 r--p 00003000 fc:01 271941                     /usr/lib/jvm/java-11-openjdk-amd64/lib/libmanagement.so
7f14faebd000-7f14faebe000 rw-p 00004000 fc:01 271941                     /usr/lib/jvm/java-11-openjdk-amd64/lib/libmanagement.so
7f14faebe000-7f14faed4000 r-xp 00000000 fc:01 271945                     /usr/lib/jvm/java-11-openjdk-amd64/lib/libnet.so
7f14faed4000-7f14fb0d3000 ---p 00016000 fc:01 271945                     /usr/lib/jvm/java-11-openjdk-amd64/lib/libnet.so
7f14fb0d3000-7f14fb0d4000 r--p 00015000 fc:01 271945                     /usr/lib/jvm/java-11-openjdk-amd64/lib/libnet.so
7f14fb0d4000-7f14fb0d5000 rw-p 00016000 fc:01 271945                     /usr/lib/jvm/java-11-openjdk-amd64/lib/libnet.so
7f14fb0d5000-7f14fb0e5000 r-xp 00000000 fc:01 271946                     /usr/lib/jvm/java-11-openjdk-amd64/lib/libnio.so
7f14fb0e5000-7f14fb2e4000 ---p 00010000 fc:01 271946                     /usr/lib/jvm/java-11-openjdk-amd64/lib/libnio.so
7f14fb2e4000-7f14fb2e5000 r--p 0000f000 fc:01 271946                     /usr/lib/jvm/java-11-openjdk-amd64/lib/libnio.so
7f14fb2e5000-7f14fb2e6000 rw-p 00010000 fc:01 271946                     /usr/lib/jvm/java-11-openjdk-amd64/lib/libnio.so
7f14fb2e6000-7f14fb2ea000 ---p 00000000 00:00 0 
7f14fb2ea000-7f14fb3e7000 rw-p 00000000 00:00 0 
7f14fb3e7000-7f14fb3e8000 ---p 00000000 00:00 0 
7f14fb3e8000-7f14fb4e9000 rw-p 00000000 00:00 0 
7f14fb4e9000-7f14fb4ed000 ---p 00000000 00:00 0 
7f14fb4ed000-7f14fb5ea000 rw-p 00000000 00:00 0 
7f14fb5ea000-7f14fb5ee000 ---p 00000000 00:00 0 
7f14fb5ee000-7f14fb6eb000 rw-p 00000000 00:00 0 
7f14fb6eb000-7f14fb6ef000 ---p 00000000 00:00 0 
7f14fb6ef000-7f14fb7ec000 rw-p 00000000 00:00 0 
7f14fb7ec000-7f14fb7f0000 ---p 00000000 00:00 0 
7f14fb7f0000-7f14fb8ed000 rw-p 00000000 00:00 0 
7f14fb8ed000-7f14fb8f1000 ---p 00000000 00:00 0 
7f14fb8f1000-7f14fb9ee000 rw-p 00000000 00:00 0 
7f14fb9ee000-7f14fbb61000 r--p 00000000 fc:01 7807                       /usr/lib/locale/C.UTF-8/LC_COLLATE
7f14fbb61000-7f14fbcfc000 r--p 00000000 fc:01 7802                       /usr/lib/locale/locale-archive
7f14fbcfc000-7f14fbd00000 ---p 00000000 00:00 0 
7f14fbd00000-7f14fbdfd000 rw-p 00000000 00:00 0 
7f14fbdfd000-7f14fbe01000 ---p 00000000 00:00 0 
7f14fbe01000-7f14fbefe000 rw-p 00000000 00:00 0 
7f14fbefe000-7f14fbeff000 ---p 00000000 00:00 0 
7f14fbeff000-7f14fc000000 rw-p 00000000 00:00 0 
7f14fc000000-7f14fc021000 rw-p 00000000 00:00 0 
7f14fc021000-7f1500000000 ---p 00000000 00:00 0 
7f1500000000-7f1500090000 rw-p 00000000 00:00 0 
7f1500090000-7f1504000000 ---p 00000000 00:00 0 
7f1504000000-7f1504021000 rw-p 00000000 00:00 0 
7f1504021000-7f1508000000 ---p 00000000 00:00 0 
7f15080db000-7f150895c000 rw-p 00000000 00:00 0 
7f150895c000-7f150895d000 ---p 00000000 00:00 0 
7f150895d000-7f1508a5e000 rw-p 00000000 00:00 0 
7f1508a5e000-7f1508a5f000 ---p 00000000 00:00 0 
7f1508a5f000-7f150ad62000 rw-p 00000000 00:00 0 
7f150ad62000-7f150ad63000 ---p 00000000 00:00 0 
7f150ad63000-7f150ae64000 rw-p 00000000 00:00 0 
7f150ae64000-7f150ae65000 ---p 00000000 00:00 0 
7f150ae65000-7f150b0ee000 rw-p 00000000 00:00 0 
7f150b0ee000-7f150b72e000 ---p 00000000 00:00 0 
7f150b72e000-7f150b8be000 rw-p 00000000 00:00 0 
7f150b8be000-7f150befe000 ---p 00000000 00:00 0 
7f150befe000-7f150bf37000 rw-p 00000000 00:00 0 
7f150bf37000-7f150bfff000 ---p 00000000 00:00 0 
7f150bfff000-7f150c000000 rw-p 00000000 00:00 0 
7f150c000000-7f150c040000 rw-p 00000000 00:00 0 
7f150c040000-7f1510000000 ---p 00000000 00:00 0 
7f1510008000-7f1510039000 rw-p 00000000 00:00 0 
7f1510039000-7f151006a000 r--p 00000000 fc:01 7808                       /usr/lib/locale/C.UTF-8/LC_CTYPE
7f151006a000-7f151009b000 rw-p 00000000 00:00 0 
7f151009b000-7f1510163000 ---p 00000000 00:00 0 
7f1510163000-7f1510195000 rw-p 00000000 00:00 0 
7f1510195000-7f151025d000 ---p 00000000 00:00 0 
7f151025d000-7f1510460000 rw-p 00000000 00:00 0 
7f1510460000-7f1510461000 ---p 00000000 00:00 0 
7f1510461000-7f1510567000 rw-p 00000000 00:00 0 
7f1510567000-7f151064d000 ---p 00000000 00:00 0 
7f151064d000-7f1510660000 rw-p 00000000 00:00 0 
7f1510660000-7f1510738000 ---p 00000000 00:00 0 
7f1510738000-7f15109a8000 rwxp 00000000 00:00 0 
7f15109a8000-7f1510cc7000 ---p 00000000 00:00 0 
7f1510cc7000-7f15115f7000 rwxp 00000000 00:00 0 
7f15115f7000-7f15181ff000 ---p 00000000 00:00 0 
7f15181ff000-7f151846f000 rwxp 00000000 00:00 0 
7f151846f000-7f151f738000 ---p 00000000 00:00 0 
7f151f738000-7f1527dfa000 r--s 00000000 fc:01 271955                     /usr/lib/jvm/java-11-openjdk-amd64/lib/modules
7f1527dfa000-7f1527dff000 r-xp 00000000 fc:01 271937                     /usr/lib/jvm/java-11-openjdk-amd64/lib/libjimage.so
7f1527dff000-7f1527ffe000 ---p 00005000 fc:01 271937                     /usr/lib/jvm/java-11-openjdk-amd64/lib/libjimage.so
7f1527ffe000-7f1527fff000 r--p 00004000 fc:01 271937                     /usr/lib/jvm/java-11-openjdk-amd64/lib/libjimage.so
7f1527fff000-7f1528000000 rw-p 00005000 fc:01 271937                     /usr/lib/jvm/java-11-openjdk-amd64/lib/libjimage.so
7f1528000000-7f15296c8000 rw-p 00000000 00:00 0 
7f15296c8000-7f152c000000 ---p 00000000 00:00 0 
7f152c001000-7f152c002000 r--p 00000000 fc:01 7813                       /usr/lib/locale/C.UTF-8/LC_NUMERIC
7f152c002000-7f152c003000 r--p 00000000 fc:01 7816                       /usr/lib/locale/C.UTF-8/LC_TIME
7f152c003000-7f152c00a000 r-xp 00000000 fc:01 271954                     /usr/lib/jvm/java-11-openjdk-amd64/lib/libzip.so
7f152c00a000-7f152c209000 ---p 00007000 fc:01 271954                     /usr/lib/jvm/java-11-openjdk-amd64/lib/libzip.so
7f152c209000-7f152c20a000 r--p 00006000 fc:01 271954                     /usr/lib/jvm/java-11-openjdk-amd64/lib/libzip.so
7f152c20a000-7f152c20b000 rw-p 00007000 fc:01 271954                     /usr/lib/jvm/java-11-openjdk-amd64/lib/libzip.so
7f152c20b000-7f152c216000 r-xp 00000000 fc:01 2089                       /lib/x86_64-linux-gnu/libnss_files-2.27.so
7f152c216000-7f152c415000 ---p 0000b000 fc:01 2089                       /lib/x86_64-linux-gnu/libnss_files-2.27.so
7f152c415000-7f152c416000 r--p 0000a000 fc:01 2089                       /lib/x86_64-linux-gnu/libnss_files-2.27.so
7f152c416000-7f152c417000 rw-p 0000b000 fc:01 2089                       /lib/x86_64-linux-gnu/libnss_files-2.27.so
7f152c417000-7f152c41d000 rw-p 00000000 00:00 0 
7f152c41d000-7f152c434000 r-xp 00000000 fc:01 2086                       /lib/x86_64-linux-gnu/libnsl-2.27.so
7f152c434000-7f152c633000 ---p 00017000 fc:01 2086                       /lib/x86_64-linux-gnu/libnsl-2.27.so
7f152c633000-7f152c634000 r--p 00016000 fc:01 2086                       /lib/x86_64-linux-gnu/libnsl-2.27.so
7f152c634000-7f152c635000 rw-p 00017000 fc:01 2086                       /lib/x86_64-linux-gnu/libnsl-2.27.so
7f152c635000-7f152c637000 rw-p 00000000 00:00 0 
7f152c637000-7f152c642000 r-xp 00000000 fc:01 2091                       /lib/x86_64-linux-gnu/libnss_nis-2.27.so
7f152c642000-7f152c841000 ---p 0000b000 fc:01 2091                       /lib/x86_64-linux-gnu/libnss_nis-2.27.so
7f152c841000-7f152c842000 r--p 0000a000 fc:01 2091                       /lib/x86_64-linux-gnu/libnss_nis-2.27.so
7f152c842000-7f152c843000 rw-p 0000b000 fc:01 2091                       /lib/x86_64-linux-gnu/libnss_nis-2.27.so
7f152c843000-7f152c84b000 r-xp 00000000 fc:01 2087                       /lib/x86_64-linux-gnu/libnss_compat-2.27.so
7f152c84b000-7f152ca4b000 ---p 00008000 fc:01 2087                       /lib/x86_64-linux-gnu/libnss_compat-2.27.so
7f152ca4b000-7f152ca4c000 r--p 00008000 fc:01 2087                       /lib/x86_64-linux-gnu/libnss_compat-2.27.so
7f152ca4c000-7f152ca4d000 rw-p 00009000 fc:01 2087                       /lib/x86_64-linux-gnu/libnss_compat-2.27.so
7f152ca4d000-7f152ca76000 r-xp 00000000 fc:01 271933                     /usr/lib/jvm/java-11-openjdk-amd64/lib/libjava.so
7f152ca76000-7f152cc75000 ---p 00029000 fc:01 271933                     /usr/lib/jvm/java-11-openjdk-amd64/lib/libjava.so
7f152cc75000-7f152cc76000 r--p 00028000 fc:01 271933                     /usr/lib/jvm/java-11-openjdk-amd64/lib/libjava.so
7f152cc76000-7f152cc78000 rw-p 00029000 fc:01 271933                     /usr/lib/jvm/java-11-openjdk-amd64/lib/libjava.so
7f152cc78000-7f152cc85000 r-xp 00000000 fc:01 271953                     /usr/lib/jvm/java-11-openjdk-amd64/lib/libverify.so
7f152cc85000-7f152ce84000 ---p 0000d000 fc:01 271953                     /usr/lib/jvm/java-11-openjdk-amd64/lib/libverify.so
7f152ce84000-7f152ce86000 r--p 0000c000 fc:01 271953                     /usr/lib/jvm/java-11-openjdk-amd64/lib/libverify.so
7f152ce86000-7f152ce87000 rw-p 0000e000 fc:01 271953                     /usr/lib/jvm/java-11-openjdk-amd64/lib/libverify.so
7f152ce87000-7f152ce8e000 r-xp 00000000 fc:01 2182                       /lib/x86_64-linux-gnu/librt-2.27.so
7f152ce8e000-7f152d08d000 ---p 00007000 fc:01 2182                       /lib/x86_64-linux-gnu/librt-2.27.so
7f152d08d000-7f152d08e000 r--p 00006000 fc:01 2182                       /lib/x86_64-linux-gnu/librt-2.27.so
7f152d08e000-7f152d08f000 rw-p 00007000 fc:01 2182                       /lib/x86_64-linux-gnu/librt-2.27.so
7f152d08f000-7f152d0a6000 r-xp 00000000 fc:01 7985                       /lib/x86_64-linux-gnu/libgcc_s.so.1
7f152d0a6000-7f152d2a5000 ---p 00017000 fc:01 7985                       /lib/x86_64-linux-gnu/libgcc_s.so.1
7f152d2a5000-7f152d2a6000 r--p 00016000 fc:01 7985                       /lib/x86_64-linux-gnu/libgcc_s.so.1
7f152d2a6000-7f152d2a7000 rw-p 00017000 fc:01 7985                       /lib/x86_64-linux-gnu/libgcc_s.so.1
7f152d2a7000-7f152d444000 r-xp 00000000 fc:01 2083                       /lib/x86_64-linux-gnu/libm-2.27.so
7f152d444000-7f152d643000 ---p 0019d000 fc:01 2083                       /lib/x86_64-linux-gnu/libm-2.27.so
7f152d643000-7f152d644000 r--p 0019c000 fc:01 2083                       /lib/x86_64-linux-gnu/libm-2.27.so
7f152d644000-7f152d645000 rw-p 0019d000 fc:01 2083                       /lib/x86_64-linux-gnu/libm-2.27.so
7f152d645000-7f152d7be000 r-xp 00000000 fc:01 12050                      /usr/lib/x86_64-linux-gnu/libstdc++.so.6.0.25
7f152d7be000-7f152d9be000 ---p 00179000 fc:01 12050                      /usr/lib/x86_64-linux-gnu/libstdc++.so.6.0.25
7f152d9be000-7f152d9c8000 r--p 00179000 fc:01 12050                      /usr/lib/x86_64-linux-gnu/libstdc++.so.6.0.25
7f152d9c8000-7f152d9ca000 rw-p 00183000 fc:01 12050                      /usr/lib/x86_64-linux-gnu/libstdc++.so.6.0.25
7f152d9ca000-7f152d9ce000 rw-p 00000000 00:00 0 
7f152d9ce000-7f152eaa2000 r-xp 00000000 fc:01 271960                     /usr/lib/jvm/java-11-openjdk-amd64/lib/server/libjvm.so
7f152eaa2000-7f152eca2000 ---p 010d4000 fc:01 271960                     /usr/lib/jvm/java-11-openjdk-amd64/lib/server/libjvm.so
7f152eca2000-7f152ed5f000 r--p 010d4000 fc:01 271960                     /usr/lib/jvm/java-11-openjdk-amd64/lib/server/libjvm.so
7f152ed5f000-7f152ed98000 rw-p 01191000 fc:01 271960                     /usr/lib/jvm/java-11-openjdk-amd64/lib/server/libjvm.so
7f152ed98000-7f152edef000 rw-p 00000000 00:00 0 
7f152edef000-7f152ee09000 r-xp 00000000 fc:01 2180                       /lib/x86_64-linux-gnu/libpthread-2.27.so
7f152ee09000-7f152f008000 ---p 0001a000 fc:01 2180                       /lib/x86_64-linux-gnu/libpthread-2.27.so
7f152f008000-7f152f009000 r--p 00019000 fc:01 2180                       /lib/x86_64-linux-gnu/libpthread-2.27.so
7f152f009000-7f152f00a000 rw-p 0001a000 fc:01 2180                       /lib/x86_64-linux-gnu/libpthread-2.27.so
7f152f00a000-7f152f00e000 rw-p 00000000 00:00 0 
7f152f00e000-7f152f011000 r-xp 00000000 fc:01 2082                       /lib/x86_64-linux-gnu/libdl-2.27.so
7f152f011000-7f152f210000 ---p 00003000 fc:01 2082                       /lib/x86_64-linux-gnu/libdl-2.27.so
7f152f210000-7f152f211000 r--p 00002000 fc:01 2082                       /lib/x86_64-linux-gnu/libdl-2.27.so
7f152f211000-7f152f212000 rw-p 00003000 fc:01 2082                       /lib/x86_64-linux-gnu/libdl-2.27.so
7f152f212000-7f152f22e000 r-xp 00000000 fc:01 2185                       /lib/x86_64-linux-gnu/libz.so.1.2.11
7f152f22e000-7f152f42d000 ---p 0001c000 fc:01 2185                       /lib/x86_64-linux-gnu/libz.so.1.2.11
7f152f42d000-7f152f42e000 r--p 0001b000 fc:01 2185                       /lib/x86_64-linux-gnu/libz.so.1.2.11
7f152f42e000-7f152f42f000 rw-p 0001c000 fc:01 2185                       /lib/x86_64-linux-gnu/libz.so.1.2.11
7f152f42f000-7f152f616000 r-xp 00000000 fc:01 2079                       /lib/x86_64-linux-gnu/libc-2.27.so
7f152f616000-7f152f816000 ---p 001e7000 fc:01 2079                       /lib/x86_64-linux-gnu/libc-2.27.so
7f152f816000-7f152f81a000 r--p 001e7000 fc:01 2079                       /lib/x86_64-linux-gnu/libc-2.27.so
7f152f81a000-7f152f81c000 rw-p 001eb000 fc:01 2079                       /lib/x86_64-linux-gnu/libc-2.27.so
7f152f81c000-7f152f820000 rw-p 00000000 00:00 0 
7f152f820000-7f152f830000 r-xp 00000000 fc:01 271917                     /usr/lib/jvm/java-11-openjdk-amd64/lib/jli/libjli.so
7f152f830000-7f152fa2f000 ---p 00010000 fc:01 271917                     /usr/lib/jvm/java-11-openjdk-amd64/lib/jli/libjli.so
7f152fa2f000-7f152fa30000 r--p 0000f000 fc:01 271917                     /usr/lib/jvm/java-11-openjdk-amd64/lib/jli/libjli.so
7f152fa30000-7f152fa31000 rw-p 00010000 fc:01 271917                     /usr/lib/jvm/java-11-openjdk-amd64/lib/jli/libjli.so
7f152fa31000-7f152fa58000 r-xp 00000000 fc:01 2075                       /lib/x86_64-linux-gnu/ld-2.27.so
7f152fa58000-7f152fa59000 r--p 00000000 fc:01 7811                       /usr/lib/locale/C.UTF-8/LC_MONETARY
7f152fa59000-7f152fa5a000 r--p 00000000 fc:01 7805                       /usr/lib/locale/C.UTF-8/LC_MESSAGES/SYS_LC_MESSAGES
7f152fa5a000-7f152fa5b000 r--p 00000000 fc:01 7814                       /usr/lib/locale/C.UTF-8/LC_PAPER
7f152fa5b000-7f152fa62000 r--s 00000000 fc:01 5021                       /usr/lib/x86_64-linux-gnu/gconv/gconv-modules.cache
7f152fa62000-7f152fb3d000 rw-p 00000000 00:00 0 
7f152fb3d000-7f152fb44000 ---p 00000000 00:00 0 
7f152fb44000-7f152fb4c000 rw-s 00000000 fc:01 516097                     /tmp/hsperfdata_root/3921
7f152fb4c000-7f152fb50000 ---p 00000000 00:00 0 
7f152fb50000-7f152fc4f000 rw-p 00000000 00:00 0 
7f152fc4f000-7f152fc50000 r--p 00000000 fc:01 7812                       /usr/lib/locale/C.UTF-8/LC_NAME
7f152fc50000-7f152fc51000 r--p 00000000 fc:01 7806                       /usr/lib/locale/C.UTF-8/LC_ADDRESS
7f152fc51000-7f152fc52000 r--p 00000000 fc:01 7815                       /usr/lib/locale/C.UTF-8/LC_TELEPHONE
7f152fc52000-7f152fc53000 r--p 00000000 fc:01 7810                       /usr/lib/locale/C.UTF-8/LC_MEASUREMENT
7f152fc53000-7f152fc54000 r--p 00000000 fc:01 7809                       /usr/lib/locale/C.UTF-8/LC_IDENTIFICATION
7f152fc54000-7f152fc55000 ---p 00000000 00:00 0 
7f152fc55000-7f152fc56000 r--p 00000000 00:00 0 
7f152fc56000-7f152fc58000 rw-p 00000000 00:00 0 
7f152fc58000-7f152fc59000 r--p 00027000 fc:01 2075                       /lib/x86_64-linux-gnu/ld-2.27.so
7f152fc59000-7f152fc5a000 rw-p 00028000 fc:01 2075                       /lib/x86_64-linux-gnu/ld-2.27.so
7f152fc5a000-7f152fc5b000 rw-p 00000000 00:00 0 
7ffe3d0b4000-7ffe3d0d5000 rw-p 00000000 00:00 0                          [stack]
7ffe3d17d000-7ffe3d180000 r--p 00000000 00:00 0                          [vvar]
7ffe3d180000-7ffe3d182000 r-xp 00000000 00:00 0                          [vdso]
ffffffffff600000-ffffffffff601000 r-xp 00000000 00:00 0                  [vsyscall]


VM Arguments:
jvm_args: -Ddaemon.name= -Dstorm.options= -Dstorm.home=/home/ubuntu/apache-storm-1.2.3 -Dstorm.log.dir=/home/ubuntu/apache-storm-1.2.3/logs -Djava.library.path=/usr/local/lib:/opt/local/lib:/usr/lib -Dstorm.conf.file= -Dstorm.jar=target/retriever-crawler-1.0-SNAPSHOT.jar -Dstorm.dependency.jars= -Dstorm.dependency.artifacts={} 
java_command: com.leemyeongcheol.ESCrawlTopology -conf crawler-conf.yaml -conf es-conf.yaml -local . seeds.txt
java_class_path (initial): /home/ubuntu/apache-storm-1.2.3/*:/home/ubuntu/apache-storm-1.2.3/lib/metrics-core-3.1.0.jar:/home/ubuntu/apache-storm-1.2.3/lib/log4j-slf4j-impl-2.8.2.jar:/home/ubuntu/apache-storm-1.2.3/lib/log4j-core-2.8.2.jar:/home/ubuntu/apache-storm-1.2.3/lib/metrics-graphite-3.1.0.jar:/home/ubuntu/apache-storm-1.2.3/lib/servlet-api-2.5.jar:/home/ubuntu/apache-storm-1.2.3/lib/storm-rename-hack-1.2.3.jar:/home/ubuntu/apache-storm-1.2.3/lib/kryo-3.0.3.jar:/home/ubuntu/apache-storm-1.2.3/lib/slf4j-api-1.7.21.jar:/home/ubuntu/apache-storm-1.2.3/lib/objenesis-2.1.jar:/home/ubuntu/apache-storm-1.2.3/lib/ring-cors-0.1.5.jar:/home/ubuntu/apache-storm-1.2.3/lib/log4j-api-2.8.2.jar:/home/ubuntu/apache-storm-1.2.3/lib/clojure-1.7.0.jar:/home/ubuntu/apache-storm-1.2.3/lib/reflectasm-1.10.1.jar:/home/ubuntu/apache-storm-1.2.3/lib/minlog-1.3.0.jar:/home/ubuntu/apache-storm-1.2.3/lib/asm-5.0.3.jar:/home/ubuntu/apache-storm-1.2.3/lib/log4j-over-slf4j-1.6.6.jar:/home/ubuntu/apache-storm-1.2.3/lib/disruptor-3.3.11.jar:/home/ubuntu/apache-storm-1.2.3/lib/storm-core-1.2.3.jar:/home/ubuntu/apache-storm-1.2.3/extlib/*:target/retriever-crawler-1.0-SNAPSHOT.jar:/home/ubuntu/apache-storm-1.2.3/conf:/home/ubuntu/apache-storm-1.2.3/bin
Launcher Type: SUN_STANDARD

[Global flags]
     intx CICompilerCount                          = 2                                         {product} {ergonomic}
     uint ConcGCThreads                            = 1                                         {product} {ergonomic}
     uint G1ConcRefinementThreads                  = 2                                         {product} {ergonomic}
   size_t G1HeapRegionSize                         = 1048576                                   {product} {ergonomic}
    uintx GCDrainStackTargetSize                   = 64                                        {product} {ergonomic}
   size_t InitialHeapSize                          = 33554432                                  {product} {ergonomic}
   size_t MarkStackSize                            = 4194304                                   {product} {ergonomic}
   size_t MaxHeapSize                              = 524288000                                 {product} {ergonomic}
   size_t MaxNewSize                               = 314572800                                 {product} {ergonomic}
   size_t MinHeapDeltaBytes                        = 1048576                                   {product} {ergonomic}
    uintx NonNMethodCodeHeapSize                   = 5825164                                {pd product} {ergonomic}
    uintx NonProfiledCodeHeapSize                  = 122916538                              {pd product} {ergonomic}
    uintx ProfiledCodeHeapSize                     = 122916538                              {pd product} {ergonomic}
    uintx ReservedCodeCacheSize                    = 251658240                              {pd product} {ergonomic}
     bool SegmentedCodeCache                       = true                                      {product} {ergonomic}
     bool UseCompressedClassPointers               = true                                 {lp64_product} {ergonomic}
     bool UseCompressedOops                        = true                                 {lp64_product} {ergonomic}
     bool UseG1GC                                  = true                                      {product} {ergonomic}

Logging:
Log output configuration:
 #0: stdout all=warning uptime,level,tags
 #1: stderr all=off uptime,level,tags

Environment Variables:
PATH=/usr/local/sbin:/usr/local/bin:/usr/sbin:/usr/bin:/sbin:/bin:/usr/games:/usr/local/games:/home/ubuntu/apache-storm-2.1.0/bin
USERNAME=root
SHELL=/bin/bash

Signal Handlers:
SIGSEGV: [libjvm.so+0xdeda70], sa_mask[0]=11111111011111111101111111111110, sa_flags=SA_RESTART|SA_SIGINFO
SIGBUS: [libjvm.so+0xdeda70], sa_mask[0]=11111111011111111101111111111110, sa_flags=SA_RESTART|SA_SIGINFO
SIGFPE: [libjvm.so+0xdeda70], sa_mask[0]=11111111011111111101111111111110, sa_flags=SA_RESTART|SA_SIGINFO
SIGPIPE: [libjvm.so+0xbc3040], sa_mask[0]=11111111011111111101111111111110, sa_flags=SA_RESTART|SA_SIGINFO
SIGXFSZ: [libjvm.so+0xbc3040], sa_mask[0]=11111111011111111101111111111110, sa_flags=SA_RESTART|SA_SIGINFO
SIGILL: [libjvm.so+0xdeda70], sa_mask[0]=11111111011111111101111111111110, sa_flags=SA_RESTART|SA_SIGINFO
SIGUSR2: [libjvm.so+0xbc2ee0], sa_mask[0]=00000000000000000000000000000000, sa_flags=SA_RESTART|SA_SIGINFO
SIGHUP: [libjvm.so+0xbc3240], sa_mask[0]=11111111011111111101111111111110, sa_flags=SA_RESTART|SA_SIGINFO
SIGINT: [libjvm.so+0xbc3240], sa_mask[0]=11111111011111111101111111111110, sa_flags=SA_RESTART|SA_SIGINFO
SIGTERM: [libjvm.so+0xbc3240], sa_mask[0]=11111111011111111101111111111110, sa_flags=SA_RESTART|SA_SIGINFO
SIGQUIT: [libjvm.so+0xbc3240], sa_mask[0]=11111111011111111101111111111110, sa_flags=SA_RESTART|SA_SIGINFO


---------------  S Y S T E M  ---------------

OS:DISTRIB_ID=Ubuntu
DISTRIB_RELEASE=18.04
DISTRIB_CODENAME=bionic
DISTRIB_DESCRIPTION="Ubuntu 18.04.3 LTS"
uname:Linux 4.15.0-74-generic #84-Ubuntu SMP Thu Dec 19 08:06:28 UTC 2019 x86_64
libc:glibc 2.27 NPTL 2.27 
rlimit: STACK 8192k, CORE 0k, NPROC 7869, NOFILE 1048576, AS infinity, DATA infinity, FSIZE infinity
load average:11.99 3.83 1.42

/proc/meminfo:
MemTotal:        2040756 kB
MemFree:           54260 kB
MemAvailable:          0 kB
Buffers:             196 kB
Cached:             9092 kB
SwapCached:            0 kB
Active:          1867436 kB
Inactive:           5112 kB
Active(anon):    1863996 kB
Inactive(anon):      296 kB
Active(file):       3440 kB
Inactive(file):     4816 kB
Unevictable:           0 kB
Mlocked:               0 kB
SwapTotal:             0 kB
SwapFree:              0 kB
Dirty:                40 kB
Writeback:             0 kB
AnonPages:       1863420 kB
Mapped:             6692 kB
Shmem:               872 kB
Slab:              66692 kB
SReclaimable:      28872 kB
SUnreclaim:        37820 kB
KernelStack:        7392 kB
PageTables:        14536 kB
NFS_Unstable:          0 kB
Bounce:                0 kB
WritebackTmp:          0 kB
CommitLimit:     1020376 kB
Committed_AS:    3535748 kB
VmallocTotal:   34359738367 kB
VmallocUsed:           0 kB
VmallocChunk:          0 kB
HardwareCorrupted:     0 kB
AnonHugePages:         0 kB
ShmemHugePages:        0 kB
ShmemPmdMapped:        0 kB
CmaTotal:              0 kB
CmaFree:               0 kB
HugePages_Total:       0
HugePages_Free:        0
HugePages_Rsvd:        0
HugePages_Surp:        0
Hugepagesize:       2048 kB
DirectMap4k:       81776 kB
DirectMap2M:     2015232 kB
DirectMap1G:           0 kB


/proc/sys/kernel/threads-max (system-wide limit on the number of threads):
15739


/proc/sys/vm/max_map_count (maximum number of memory map areas a process may have):
65530


/proc/sys/kernel/pid_max (system-wide limit on number of process identifiers):
32768



container (cgroup) information:
container_type: cgroupv1
cpu_cpuset_cpus: 0-1
cpu_memory_nodes: 0
active_processor_count: 2
cpu_quota: -1
cpu_period: 100000
cpu_shares: -1
memory_limit_in_bytes: -1
memory_and_swap_limit_in_bytes: -2
memory_soft_limit_in_bytes: -1
memory_usage_in_bytes: 398745600
memory_max_usage_in_bytes: 461590528

KVM virtualization detected
Steal ticks since vm start: 11
Steal ticks percentage since vm start:  0.001

CPU:total 2 (initial active 2) (1 cores per cpu, 1 threads per core) family 6 model 85 stepping 4, cmov, cx8, fxsr, mmx, sse, sse2, sse3, ssse3, sse4.1, sse4.2, popcnt, avx, avx2, aes, clmul, erms, rtm, 3dnowpref, lzcnt, tsc, bmi1, bmi2, adx, evex, fma
CPU Model and flags from /proc/cpuinfo:
model name	: Intel Xeon Processor (Skylake, IBRS)
flags		: fpu vme de pse tsc msr pae mce cx8 apic sep mtrr pge mca cmov pat pse36 clflush mmx fxsr sse sse2 ss syscall nx pdpe1gb rdtscp lm constant_tsc rep_good nopl xtopology cpuid tsc_known_freq pni pclmulqdq vmx ssse3 fma cx16 pcid sse4_1 sse4_2 x2apic movbe popcnt tsc_deadline_timer aes xsave avx f16c rdrand hypervisor lahf_lm abm 3dnowprefetch cpuid_fault invpcid_single pti ssbd ibrs ibpb tpr_shadow vnmi flexpriority ept vpid fsgsbase tsc_adjust bmi1 hle avx2 smep bmi2 erms invpcid rtm mpx avx512f avx512dq rdseed adx smap clflushopt clwb avx512cd avx512bw avx512vl xsaveopt xsavec xgetbv1 xsaves arat pku ospke

Memory: 4k page, physical 2040756k(54852k free), swap 0k(0k free)

vm_info: OpenJDK 64-Bit Server VM (11.0.5+10-post-Ubuntu-0ubuntu1.118.04) for linux-amd64 JRE (11.0.5+10-post-Ubuntu-0ubuntu1.118.04), built on Oct 16 2019 22:01:07 by "buildd" with gcc 7.4.0

END.
